\BOOKMARK [1][-]{section.1}{\376\377\000C\000o\000n\000c\000e\000p\000t\000\040\000D\000e\000s\000c\000r\000i\000p\000t\000i\000o\000n}{}% 1
\BOOKMARK [2][-]{subsection.1.1}{\376\377\000B\000a\000c\000k\000g\000r\000o\000u\000n\000d\000\040\000a\000n\000d\000\040\000M\000o\000t\000i\000v\000a\000t\000i\000o\000n}{section.1}% 2
\BOOKMARK [2][-]{subsection.1.2}{\376\377\000P\000r\000o\000b\000l\000e\000m\000\040\000S\000t\000a\000t\000e\000m\000e\000n\000t}{section.1}% 3
\BOOKMARK [2][-]{subsection.1.3}{\376\377\000O\000b\000j\000e\000c\000t\000i\000v\000e\000s\000\040\000a\000n\000d\000\040\000E\000x\000p\000e\000c\000t\000e\000d\000\040\000C\000o\000n\000t\000r\000i\000b\000u\000t\000i\000o\000n\000s}{section.1}% 4
\BOOKMARK [1][-]{section.2}{\376\377\000W\000o\000r\000k\000\040\000D\000e\000s\000i\000g\000n}{}% 5
\BOOKMARK [2][-]{subsection.2.1}{\376\377\000O\000v\000e\000r\000a\000l\000l\000\040\000S\000y\000s\000t\000e\000m\000\040\000C\000o\000n\000c\000e\000p\000t}{section.2}% 6
\BOOKMARK [2][-]{subsection.2.2}{\376\377\000C\000o\000r\000e\000\040\000I\000n\000n\000o\000v\000a\000t\000i\000o\000n}{section.2}% 7
\BOOKMARK [2][-]{subsection.2.3}{\376\377\000D\000i\000f\000f\000e\000r\000e\000n\000c\000e\000s\000\040\000f\000r\000o\000m\000\040\000E\000x\000i\000s\000t\000i\000n\000g\000\040\000o\000r\000\040\000M\000a\000r\000k\000e\000t\000-\000R\000e\000l\000a\000t\000e\000d\000\040\000P\000r\000o\000d\000u\000c\000t\000s}{section.2}% 8
\BOOKMARK [2][-]{subsection.2.4}{\376\377\000T\000a\000r\000g\000e\000t\000\040\000A\000p\000p\000l\000i\000c\000a\000t\000i\000o\000n\000\040\000D\000o\000m\000a\000i\000n\000s}{section.2}% 9
\BOOKMARK [1][-]{section.3}{\376\377\000I\000m\000p\000l\000e\000m\000e\000n\000t\000a\000t\000i\000o\000n\000\040\000M\000e\000t\000h\000o\000d}{}% 10
\BOOKMARK [2][-]{subsection.3.1}{\376\377\000S\000y\000s\000t\000e\000m\000\040\000A\000r\000c\000h\000i\000t\000e\000c\000t\000u\000r\000e}{section.3}% 11
\BOOKMARK [2][-]{subsection.3.2}{\376\377\000P\000i\000p\000e\000l\000i\000n\000e\000\040\000S\000t\000a\000g\000e\000\040\000D\000e\000s\000i\000g\000n}{section.3}% 12
\BOOKMARK [2][-]{subsection.3.3}{\376\377\000H\000a\000z\000a\000r\000d\000\040\000D\000e\000t\000e\000c\000t\000i\000o\000n\000\040\000U\000n\000i\000t}{section.3}% 13
\BOOKMARK [2][-]{subsection.3.4}{\376\377\000B\000r\000a\000n\000c\000h\000\040\000P\000r\000e\000d\000i\000c\000t\000o\000r\000\040\000A\000r\000c\000h\000i\000t\000e\000c\000t\000u\000r\000e}{section.3}% 14
\BOOKMARK [2][-]{subsection.3.5}{\376\377\000S\000i\000d\000e\000b\000a\000n\000d\000\040\000P\000i\000p\000e\000l\000i\000n\000e\000\040\000R\000e\000g\000i\000s\000t\000e\000r\000s}{section.3}% 15
\BOOKMARK [2][-]{subsection.3.6}{\376\377\000T\000e\000c\000h\000n\000i\000c\000a\000l\000\040\000S\000t\000a\000c\000k}{section.3}% 16
\BOOKMARK [2][-]{subsection.3.7}{\376\377\000P\000r\000o\000t\000o\000t\000y\000p\000e\000\040\000D\000e\000m\000o\000n\000s\000t\000r\000a\000t\000i\000o\000n\000\040\000a\000n\000d\000\040\000O\000p\000e\000r\000a\000t\000i\000o\000n\000a\000l\000\040\000F\000l\000o\000w}{section.3}% 17
\BOOKMARK [2][-]{subsection.3.8}{\376\377\000D\000a\000t\000a\000\040\000F\000l\000o\000w\000\040\000a\000n\000d\000\040\000O\000p\000e\000r\000a\000t\000i\000o\000n\000a\000l\000\040\000W\000o\000r\000k\000f\000l\000o\000w}{section.3}% 18
\BOOKMARK [2][-]{subsection.3.9}{\376\377\000T\000e\000s\000t\000b\000e\000n\000c\000h\000\040\000S\000u\000i\000t\000e}{section.3}% 19
\BOOKMARK [3][-]{subsubsection.3.9.1}{\376\377\000B\000r\000a\000n\000c\000h\000-\000S\000t\000r\000e\000s\000s\000\040\000E\000v\000a\000l\000u\000a\000t\000i\000o\000n\000\040\000P\000r\000o\000g\000r\000a\000m}{subsection.3.9}% 20
\BOOKMARK [2][-]{subsection.3.10}{\376\377\000V\000e\000r\000i\000f\000i\000c\000a\000t\000i\000o\000n\000\040\000a\000n\000d\000\040\000I\000m\000p\000l\000e\000m\000e\000n\000t\000a\000t\000i\000o\000n\000\040\000R\000e\000s\000u\000l\000t\000s}{section.3}% 21
\BOOKMARK [3][-]{subsubsection.3.10.1}{\376\377\000F\000u\000n\000c\000t\000i\000o\000n\000a\000l\000\040\000V\000e\000r\000i\000f\000i\000c\000a\000t\000i\000o\000n}{subsection.3.10}% 22
\BOOKMARK [3][-]{subsubsection.3.10.2}{\376\377\000P\000r\000e\000d\000i\000c\000t\000i\000o\000n\000\040\000P\000e\000r\000f\000o\000r\000m\000a\000n\000c\000e}{subsection.3.10}% 23
\BOOKMARK [3][-]{subsubsection.3.10.3}{\376\377\000M\000u\000l\000t\000i\000-\000W\000o\000r\000k\000l\000o\000a\000d\000\040\000S\000i\000m\000u\000l\000a\000t\000i\000o\000n\000\040\000S\000t\000u\000d\000y}{subsection.3.10}% 24
\BOOKMARK [3][-]{subsubsection.3.10.4}{\376\377\000F\000P\000G\000A\000\040\000S\000y\000n\000t\000h\000e\000s\000i\000s\000\040\000R\000e\000s\000u\000l\000t\000s}{subsection.3.10}% 25
\BOOKMARK [1][-]{section.4}{\376\377\000M\000a\000x\000i\000m\000u\000m\000\040\000B\000e\000n\000e\000f\000i\000t\000s\000\040\000o\000f\000\040\000t\000h\000e\000\040\000R\000e\000s\000e\000a\000r\000c\000h\000\040\000O\000u\000t\000c\000o\000m\000e}{}% 26
\BOOKMARK [1][-]{section.5}{\376\377\000C\000o\000n\000c\000l\000u\000s\000i\000o\000n\000\040\000a\000n\000d\000\040\000F\000u\000t\000u\000r\000e\000\040\000P\000r\000o\000s\000p\000e\000c\000t\000s}{}% 27
