INFO:  latexindent version 3.15, 2022-01-21, a script to indent .tex files
       latexindent lives here: /usr/share/texlive/texmf-dist/scripts/latexindent/
       Tue Mar 31 22:57:22 2026
       Filename: /home/chiawei/SiliconAwards/proposal_tw/main.tex
INFO:  Processing switches:
       -s|--silent: Silent mode active (you have used either -s or --silent)
       -w|--overwrite: Overwrite mode active, will make a back up of /home/chiawei/SiliconAwards/proposal_tw/main.tex first
INFO:  Directory for backup files and indent.log: /home/chiawei/SiliconAwards/proposal_tw
INFO:  YAML settings read: defaultSettings.yaml
       Reading defaultSettings.yaml from /usr/share/texlive/texmf-dist/scripts/latexindent/defaultSettings.yaml
INFO:  YAML settings read: indentconfig.yaml or .indentconfig.yaml
       Home directory is /home/chiawei (didn't find either indentconfig.yaml or .indentconfig.yaml)
       To specify user settings you would put indentconfig.yaml here: /home/chiawei/indentconfig.yaml
       Alternatively, you can use the hidden file .indentconfig.yaml as: /home/chiawei/.indentconfig.yaml
INFO:  Backup procedure (-w flag active):
       copying /home/chiawei/SiliconAwards/proposal_tw/main.tex to /home/chiawei/SiliconAwards/proposal_tw/main.bak0
       Backup file: /home/chiawei/SiliconAwards/proposal_tw/main.bak0
       /home/chiawei/SiliconAwards/proposal_tw/main.tex will be overwritten after indentation
INFO:  Phase 1: searching for objects
INFO:  Phase 2: finding surrounding indentation
INFO:  Phase 3: indenting objects
INFO:  Phase 4: final indentation check
INFO:  Output routine:
       Overwriting file /home/chiawei/SiliconAwards/proposal_tw/main.tex
       --------------
INFO:  Please direct all communication/issues to:
        https://github.com/cmhughes/latexindent.pl
