\BOOKMARK [1][-]{section.1}{\376\377\151\202\137\365\212\252\146\016}{}% 1
\BOOKMARK [2][-]{subsection.1.1}{\376\377\170\024\172\166\200\314\146\157\202\007\122\325\152\137}{section.1}% 2
\BOOKMARK [2][-]{subsection.1.2}{\376\377\125\117\230\114\133\232\177\251}{section.1}% 3
\BOOKMARK [2][-]{subsection.1.3}{\376\377\170\024\172\166\166\356\152\031\202\007\230\020\147\037\214\242\163\173}{section.1}% 4
\BOOKMARK [1][-]{section.2}{\376\377\117\134\124\301\212\055\212\010}{}% 5
\BOOKMARK [2][-]{subsection.2.1}{\376\377\145\164\232\324\174\373\175\161\151\202\137\365}{section.2}% 6
\BOOKMARK [2][-]{subsection.2.2}{\376\377\150\070\137\303\122\165\145\260}{section.2}% 7
\BOOKMARK [2][-]{subsection.2.3}{\376\377\202\007\145\342\147\011\142\026\136\002\130\064\166\370\225\334\165\042\124\301\116\113\135\356\165\160}{section.2}% 8
\BOOKMARK [2][-]{subsection.2.4}{\376\377\166\356\152\031\141\311\165\050\230\030\127\337}{section.2}% 9
\BOOKMARK [1][-]{section.3}{\376\377\133\346\117\134\145\271\154\325}{}% 10
\BOOKMARK [2][-]{subsection.3.1}{\376\377\174\373\175\161\147\266\151\313}{section.3}% 11
\BOOKMARK [2][-]{subsection.3.2}{\376\377\173\241\175\332\226\216\153\265\212\055\212\010}{section.3}% 12
\BOOKMARK [2][-]{subsection.3.3}{\376\377\121\222\226\252\120\165\156\054\125\256\121\103}{section.3}% 13
\BOOKMARK [2][-]{subsection.3.4}{\376\377\122\006\145\057\230\020\156\054\126\150\147\266\151\313}{section.3}% 14
\BOOKMARK [2][-]{subsection.3.5}{\376\377\145\301\136\066\173\241\175\332\146\253\133\130\126\150}{section.3}% 15
\BOOKMARK [2][-]{subsection.3.6}{\376\377\142\200\210\123\130\006\165\212}{section.3}% 16
\BOOKMARK [2][-]{subsection.3.7}{\376\377\123\237\127\213\134\125\171\072\202\007\144\315\117\134\155\101\172\013}{section.3}% 17
\BOOKMARK [2][-]{subsection.3.8}{\376\377\214\307\145\231\155\101\202\007\220\113\117\134\135\345\117\134\155\101}{section.3}% 18
\BOOKMARK [2][-]{subsection.3.9}{\376\377\156\054\212\146\136\163\123\360\131\127\116\366}{section.3}% 19
\BOOKMARK [3][-]{subsubsection.3.9.1}{\376\377\122\006\145\057\130\323\122\233\212\125\156\054\172\013\137\017}{subsection.3.9}% 20
\BOOKMARK [2][-]{subsection.3.10}{\376\377\232\127\213\111\202\007\133\346\117\134\175\120\147\234}{section.3}% 21
\BOOKMARK [3][-]{subsubsection.3.10.1}{\376\377\122\237\200\375\232\127\213\111}{subsection.3.10}% 22
\BOOKMARK [3][-]{subsubsection.3.10.2}{\376\377\230\020\156\054\145\110\200\375}{subsection.3.10}% 23
\BOOKMARK [3][-]{subsubsection.3.10.3}{\376\377\215\350\140\305\130\203\232\127\213\111\202\007\123\357\221\315\215\321\156\054\212\146}{subsection.3.10}% 24
\BOOKMARK [3][-]{subsubsection.3.10.4}{\376\377\123\357\172\013\137\017\220\217\217\057\175\234\124\010\175\120\147\234}{subsection.3.10}% 25
\BOOKMARK [1][-]{section.4}{\376\377\170\024\172\166\142\020\147\234\123\357\122\165\220\040\116\113\147\000\131\047\145\110\166\312}{}% 26
\BOOKMARK [1][-]{section.5}{\376\377\175\120\212\326\202\007\147\052\117\206\134\125\147\033}{}% 27
