------------------------------------------------------------------------------------------------
| Timer Settings
| --------------
------------------------------------------------------------------------------------------------

  Enable Multi Corner Analysis               :  Yes
  Enable Pessimism Removal                   :  Yes
  Pessimism Removal Resolution               :  Nearest Common Node
  Enable Input Delay Default Clock           :  No
  Enable Preset / Clear Arcs                 :  No
  Disable Flight Delays                      :  No
  Ignore I/O Paths                           :  No
  Timing Early Launch at Borrowing Latches   :  No
  Borrow Time for Max Delay Exceptions       :  Yes
  Merge Timing Exceptions                    :  Yes

  Corner  Analyze    Analyze    
  Name    Max Paths  Min Paths  
  ------  ---------  ---------  
  Slow    Yes        Yes        
  Fast    Yes        Yes        


------------------------------------------------------------------------------------------------
| Report Methodology
| ------------------
------------------------------------------------------------------------------------------------

No report available as report_methodology has not been run prior. Run report_methodology on the current design for the summary of methodology violations.



check_timing report

Table of Contents
-----------------
1. checking no_clock (0)
2. checking constant_clock (0)
3. checking pulse_width_clock (0)
4. checking unconstrained_internal_endpoints (0)
5. checking no_input_delay (1)
6. checking no_output_delay (4)
7. checking multiple_clock (0)
8. checking generated_clocks (0)
9. checking loops (0)
10. checking partial_input_delay (0)
11. checking partial_output_delay (0)
12. checking latch_loops (0)

1. checking no_clock (0)
------------------------
 There are 0 register/latch pins with no clock.


2. checking constant_clock (0)
------------------------------
 There are 0 register/latch pins with constant_clock.


3. checking pulse_width_clock (0)
---------------------------------
 There are 0 register/latch pins which need pulse_width check


4. checking unconstrained_internal_endpoints (0)
------------------------------------------------
 There are 0 pins that are not constrained for maximum delay.

 There are 0 pins that are not constrained for maximum delay due to constant clock.


5. checking no_input_delay (1)
------------------------------
 There is 1 input port with no input delay specified. (HIGH)

 There are 0 input ports with no input delay but user has a false path constraint.


6. checking no_output_delay (4)
-------------------------------
 There are 4 ports with no output delay specified. (HIGH)

 There are 0 ports with no output delay but user has a false path constraint

 There are 0 ports with no output delay but with a timing clock defined on it or propagating through it


7. checking multiple_clock (0)
------------------------------
 There are 0 register/latch pins with multiple clocks.


8. checking generated_clocks (0)
--------------------------------
 There are 0 generated clocks that are not connected to a clock source.


9. checking loops (0)
---------------------
 There are 0 combinational loops in the design.


10. checking partial_input_delay (0)
------------------------------------
 There are 0 input ports with partial input delay specified.


11. checking partial_output_delay (0)
-------------------------------------
 There are 0 ports with partial output delay specified.


12. checking latch_loops (0)
----------------------------
 There are 0 combinational latch loops in the design through latch input



------------------------------------------------------------------------------------------------
| Design Timing Summary
| ---------------------
------------------------------------------------------------------------------------------------

    WNS(ns)      TNS(ns)  TNS Failing Endpoints  TNS Total Endpoints      WHS(ns)      THS(ns)  THS Failing Endpoints  THS Total Endpoints     WPWS(ns)     TPWS(ns)  TPWS Failing Endpoints  TPWS Total Endpoints  
    -------      -------  ---------------------  -------------------      -------      -------  ---------------------  -------------------     --------     --------  ----------------------  --------------------  
      0.006        0.000                      0                 2402        0.146        0.000                      0                 2402        3.500        0.000                       0                  1255  


All user specified timing constraints are met.


------------------------------------------------------------------------------------------------
| Clock Summary
| -------------
------------------------------------------------------------------------------------------------

Clock  Waveform(ns)         Period(ns)      Frequency(MHz)
-----  ------------         ----------      --------------
clk    {0.000 4.000}        8.000           125.000         


------------------------------------------------------------------------------------------------
| Intra Clock Table
| -----------------
------------------------------------------------------------------------------------------------

Clock             WNS(ns)      TNS(ns)  TNS Failing Endpoints  TNS Total Endpoints      WHS(ns)      THS(ns)  THS Failing Endpoints  THS Total Endpoints     WPWS(ns)     TPWS(ns)  TPWS Failing Endpoints  TPWS Total Endpoints  
-----             -------      -------  ---------------------  -------------------      -------      -------  ---------------------  -------------------     --------     --------  ----------------------  --------------------  
clk                 0.006        0.000                      0                 2402        0.146        0.000                      0                 2402        3.500        0.000                       0                  1255  


------------------------------------------------------------------------------------------------
| Inter Clock Table
| -----------------
------------------------------------------------------------------------------------------------

From Clock    To Clock          WNS(ns)      TNS(ns)  TNS Failing Endpoints  TNS Total Endpoints      WHS(ns)      THS(ns)  THS Failing Endpoints  THS Total Endpoints  
----------    --------          -------      -------  ---------------------  -------------------      -------      -------  ---------------------  -------------------  


------------------------------------------------------------------------------------------------
| Other Path Groups Table
| -----------------------
------------------------------------------------------------------------------------------------

Path Group    From Clock    To Clock          WNS(ns)      TNS(ns)  TNS Failing Endpoints  TNS Total Endpoints      WHS(ns)      THS(ns)  THS Failing Endpoints  THS Total Endpoints  
----------    ----------    --------          -------      -------  ---------------------  -------------------      -------      -------  ---------------------  -------------------  


------------------------------------------------------------------------------------------------
| Timing Details
| --------------
------------------------------------------------------------------------------------------------


---------------------------------------------------------------------------------------------------
From Clock:  clk
  To Clock:  clk

Setup :            0  Failing Endpoints,  Worst Slack        0.006ns,  Total Violation        0.000ns
Hold  :            0  Failing Endpoints,  Worst Slack        0.146ns,  Total Violation        0.000ns
PW    :            0  Failing Endpoints,  Worst Slack        3.500ns,  Total Violation        0.000ns
---------------------------------------------------------------------------------------------------


Max Delay Paths
--------------------------------------------------------------------------------------
Slack (MET) :             0.006ns  (required time - arrival time)
  Source:                 top_1/u_bp/u_perc/w_mem_reg[11][0][0]/C
                            (rising edge-triggered cell FDCE clocked by clk  {rise@0.000ns fall@4.000ns period=8.000ns})
  Destination:            top_1/u_bp/u_perc/pred_taken_reg/D
                            (rising edge-triggered cell FDCE clocked by clk  {rise@0.000ns fall@4.000ns period=8.000ns})
  Path Group:             clk
  Path Type:              Setup (Max at Slow Process Corner)
  Requirement:            8.000ns  (clk rise@8.000ns - clk rise@0.000ns)
  Data Path Delay:        8.016ns  (logic 3.037ns (37.887%)  route 4.979ns (62.113%))
  Logic Levels:           11  (CARRY4=2 LUT1=1 LUT3=1 LUT4=2 LUT5=2 LUT6=1 MUXF7=1 MUXF8=1)
  Clock Path Skew:        -0.061ns (DCD - SCD + CPR)
    Destination Clock Delay (DCD):    5.013ns = ( 13.013 - 8.000 ) 
    Source Clock Delay      (SCD):    5.578ns
    Clock Pessimism Removal (CPR):    0.504ns
  Clock Uncertainty:      0.035ns  ((TSJ^2 + TIJ^2)^1/2 + DJ) / 2 + PE
    Total System Jitter     (TSJ):    0.071ns
    Total Input Jitter      (TIJ):    0.000ns
    Discrete Jitter          (DJ):    0.000ns
    Phase Error              (PE):    0.000ns

    Location             Delay type                Incr(ns)  Path(ns)    Netlist Resource(s)
  -------------------------------------------------------------------    -------------------
                         (clock clk rise edge)        0.000     0.000 r  
    U7                                                0.000     0.000 r  clk (IN)
                         net (fo=0)                   0.000     0.000    clk
    U7                   IBUF (Prop_ibuf_I_O)         1.058     1.058 r  clk_IBUF_inst/O
                         net (fo=1, routed)           2.171     3.229    clk_IBUF
    BUFGCTRL_X0Y2        BUFG (Prop_bufg_I_O)         0.101     3.330 r  clk_IBUF_BUFG_inst_replica_1/O
                         net (fo=5, routed)           0.146     3.476    clk_IBUF_BUFG_repN_1
    BUFGCTRL_X0Y1        BUFG (Prop_bufg_I_O)         0.101     3.577 r  clk_IBUF_BUFG_inst_replica/O
                         net (fo=22, routed)          0.146     3.723    clk_IBUF_BUFG_repN
    BUFGCTRL_X0Y0        BUFG (Prop_bufg_I_O)         0.101     3.824 r  clk_IBUF_BUFG_inst/O
                         net (fo=1227, routed)        1.754     5.578    top_1/u_bp/u_perc/clk_IBUF_BUFG
    SLICE_X15Y3          FDCE                                         r  top_1/u_bp/u_perc/w_mem_reg[11][0][0]/C
  -------------------------------------------------------------------    -------------------
    SLICE_X15Y3          FDCE (Prop_fdce_C_Q)         0.456     6.034 r  top_1/u_bp/u_perc/w_mem_reg[11][0][0]/Q
                         net (fo=2, routed)           1.215     7.249    top_1/u_bp/u_perc/w_mem_reg[11][0]_72[0]
    SLICE_X14Y6          LUT6 (Prop_lut6_I0_O)        0.124     7.373 r  top_1/u_bp/u_perc/sum_acc_comb__27_carry_i_60/O
                         net (fo=1, routed)           0.000     7.373    top_1/u_bp/u_perc/sum_acc_comb__27_carry_i_60_n_0
    SLICE_X14Y6          MUXF7 (Prop_muxf7_I0_O)      0.209     7.582 r  top_1/u_bp/u_perc/sum_acc_comb__27_carry_i_32/O
                         net (fo=1, routed)           0.000     7.582    top_1/u_bp/u_perc/sum_acc_comb__27_carry_i_32_n_0
    SLICE_X14Y6          MUXF8 (Prop_muxf8_I1_O)      0.088     7.670 r  top_1/u_bp/u_perc/sum_acc_comb__27_carry_i_14/O
                         net (fo=7, routed)           0.947     8.617    top_1/u_bp/u_perc/sum_acc_comb__27_carry_i_14_n_0
    SLICE_X12Y5          LUT5 (Prop_lut5_I2_O)        0.319     8.936 r  top_1/u_bp/u_perc/sum_acc_comb__27_carry_i_13/O
                         net (fo=2, routed)           0.512     9.448    top_1/u_bp/u_perc/term[0]__13[3]
    SLICE_X13Y5          LUT5 (Prop_lut5_I1_O)        0.124     9.572 r  top_1/u_bp/u_perc/sum_acc_comb__27_carry__0_i_7/O
                         net (fo=3, routed)           0.567    10.139    top_1/u_bp/u_perc/sum_acc_comb__27_carry__0_i_7_n_0
    SLICE_X15Y5          LUT3 (Prop_lut3_I0_O)        0.124    10.263 r  top_1/u_bp/u_perc/sum_acc_comb__27_carry__0_i_2/O
                         net (fo=2, routed)           0.428    10.692    top_1/u_bp/u_perc/sum_01[4]
    SLICE_X14Y4          LUT4 (Prop_lut4_I0_O)        0.124    10.816 r  top_1/u_bp/u_perc/sum_acc_comb__27_carry__0_i_4/O
                         net (fo=1, routed)           0.000    10.816    top_1/u_bp/u_perc/sum_acc_comb__27_carry__0_i_4_n_0
    SLICE_X14Y4          CARRY4 (Prop_carry4_S[0]_O[1])
                                                      0.427    11.243 r  top_1/u_bp/u_perc/sum_acc_comb__27_carry__0/O[1]
                         net (fo=4, routed)           0.696    11.938    top_1/u_bp/u_perc/sum_0123[5]
    SLICE_X14Y2          LUT4 (Prop_lut4_I2_O)        0.306    12.244 r  top_1/u_bp/u_perc/sum_acc_comb__46_carry__0_i_1/O
                         net (fo=1, routed)           0.190    12.434    top_1/u_bp/u_perc/sum_acc_comb__46_carry__0_i_1_n_0
    SLICE_X15Y2          CARRY4 (Prop_carry4_DI[2]_O[3])
                                                      0.438    12.872 f  top_1/u_bp/u_perc/sum_acc_comb__46_carry__0/O[3]
                         net (fo=1, routed)           0.425    13.296    top_1/u_bp/u_perc/sum_acc_comb__60[7]
    SLICE_X16Y2          LUT1 (Prop_lut1_I0_O)        0.298    13.594 r  top_1/u_bp/u_perc/pred_taken_i_1/O
                         net (fo=1, routed)           0.000    13.594    top_1/u_bp/u_perc/pred_taken_i_1_n_0
    SLICE_X16Y2          FDCE                                         r  top_1/u_bp/u_perc/pred_taken_reg/D
  -------------------------------------------------------------------    -------------------

                         (clock clk rise edge)        8.000     8.000 r  
    U7                                                0.000     8.000 r  clk (IN)
                         net (fo=0)                   0.000     8.000    clk
    U7                   IBUF (Prop_ibuf_I_O)         0.924     8.924 r  clk_IBUF_inst/O
                         net (fo=1, routed)           1.972    10.896    clk_IBUF
    BUFGCTRL_X0Y2        BUFG (Prop_bufg_I_O)         0.091    10.987 r  clk_IBUF_BUFG_inst_replica_1/O
                         net (fo=5, routed)           0.133    11.120    clk_IBUF_BUFG_repN_1
    BUFGCTRL_X0Y1        BUFG (Prop_bufg_I_O)         0.091    11.211 r  clk_IBUF_BUFG_inst_replica/O
                         net (fo=22, routed)          0.133    11.344    clk_IBUF_BUFG_repN
    BUFGCTRL_X0Y0        BUFG (Prop_bufg_I_O)         0.091    11.435 r  clk_IBUF_BUFG_inst/O
                         net (fo=1227, routed)        1.578    13.013    top_1/u_bp/u_perc/clk_IBUF_BUFG
    SLICE_X16Y2          FDCE                                         r  top_1/u_bp/u_perc/pred_taken_reg/C
                         clock pessimism              0.504    13.517    
                         clock uncertainty           -0.035    13.482    
    SLICE_X16Y2          FDCE (Setup_fdce_C_D)        0.118    13.600    top_1/u_bp/u_perc/pred_taken_reg
  -------------------------------------------------------------------
                         required time                         13.600    
                         arrival time                         -13.594    
  -------------------------------------------------------------------
                         slack                                  0.006    





Min Delay Paths
--------------------------------------------------------------------------------------
Slack (MET) :             0.146ns  (arrival time - required time)
  Source:                 top_1/if_id_1/pip_reg2/data_out_reg[4]/C
                            (rising edge-triggered cell FDRE clocked by clk  {rise@0.000ns fall@4.000ns period=8.000ns})
  Destination:            top_1/id_ex_1/pip_reg2/data_out_reg[4]/D
                            (rising edge-triggered cell FDRE clocked by clk  {rise@0.000ns fall@4.000ns period=8.000ns})
  Path Group:             clk
  Path Type:              Hold (Min at Fast Process Corner)
  Requirement:            0.000ns  (clk rise@0.000ns - clk rise@0.000ns)
  Data Path Delay:        0.244ns  (logic 0.141ns (57.730%)  route 0.103ns (42.270%))
  Logic Levels:           0  
  Clock Path Skew:        0.013ns (DCD - SCD - CPR)
    Destination Clock Delay (DCD):    2.236ns
    Source Clock Delay      (SCD):    1.707ns
    Clock Pessimism Removal (CPR):    0.516ns

    Location             Delay type                Incr(ns)  Path(ns)    Netlist Resource(s)
  -------------------------------------------------------------------    -------------------
                         (clock clk rise edge)        0.000     0.000 r  
    U7                                                0.000     0.000 r  clk (IN)
                         net (fo=0)                   0.000     0.000    clk
    U7                   IBUF (Prop_ibuf_I_O)         0.286     0.286 r  clk_IBUF_inst/O
                         net (fo=1, routed)           0.663     0.949    clk_IBUF
    BUFGCTRL_X0Y2        BUFG (Prop_bufg_I_O)         0.026     0.975 r  clk_IBUF_BUFG_inst_replica_1/O
                         net (fo=5, routed)           0.030     1.005    clk_IBUF_BUFG_repN_1
    BUFGCTRL_X0Y1        BUFG (Prop_bufg_I_O)         0.026     1.031 r  clk_IBUF_BUFG_inst_replica/O
                         net (fo=22, routed)          0.030     1.061    clk_IBUF_BUFG_repN
    BUFGCTRL_X0Y0        BUFG (Prop_bufg_I_O)         0.026     1.087 r  clk_IBUF_BUFG_inst/O
                         net (fo=1227, routed)        0.620     1.707    top_1/if_id_1/pip_reg2/clk_IBUF_BUFG
    SLICE_X7Y12          FDRE                                         r  top_1/if_id_1/pip_reg2/data_out_reg[4]/C
  -------------------------------------------------------------------    -------------------
    SLICE_X7Y12          FDRE (Prop_fdre_C_Q)         0.141     1.848 r  top_1/if_id_1/pip_reg2/data_out_reg[4]/Q
                         net (fo=3, routed)           0.103     1.951    top_1/id_ex_1/pip_reg2/if_id_pc[4]
    SLICE_X6Y12          FDRE                                         r  top_1/id_ex_1/pip_reg2/data_out_reg[4]/D
  -------------------------------------------------------------------    -------------------

                         (clock clk rise edge)        0.000     0.000 r  
    U7                                                0.000     0.000 r  clk (IN)
                         net (fo=0)                   0.000     0.000    clk
    U7                   IBUF (Prop_ibuf_I_O)         0.476     0.476 r  clk_IBUF_inst/O
                         net (fo=1, routed)           0.719     1.195    clk_IBUF
    BUFGCTRL_X0Y2        BUFG (Prop_bufg_I_O)         0.029     1.224 r  clk_IBUF_BUFG_inst_replica_1/O
                         net (fo=5, routed)           0.033     1.257    clk_IBUF_BUFG_repN_1
    BUFGCTRL_X0Y1        BUFG (Prop_bufg_I_O)         0.029     1.286 r  clk_IBUF_BUFG_inst_replica/O
                         net (fo=22, routed)          0.033     1.319    clk_IBUF_BUFG_repN
    BUFGCTRL_X0Y0        BUFG (Prop_bufg_I_O)         0.029     1.348 r  clk_IBUF_BUFG_inst/O
                         net (fo=1227, routed)        0.888     2.236    top_1/id_ex_1/pip_reg2/clk_IBUF_BUFG
    SLICE_X6Y12          FDRE                                         r  top_1/id_ex_1/pip_reg2/data_out_reg[4]/C
                         clock pessimism             -0.516     1.720    
    SLICE_X6Y12          FDRE (Hold_fdre_C_D)         0.085     1.805    top_1/id_ex_1/pip_reg2/data_out_reg[4]
  -------------------------------------------------------------------
                         required time                         -1.805    
                         arrival time                           1.951    
  -------------------------------------------------------------------
                         slack                                  0.146    





Pulse Width Checks
--------------------------------------------------------------------------------------
Clock Name:         clk
Waveform(ns):       { 0.000 4.000 }
Period(ns):         8.000
Sources:            { clk }

Check Type        Corner  Lib Pin  Reference Pin  Required(ns)  Actual(ns)  Slack(ns)  Location       Pin
Min Period        n/a     BUFG/I   n/a            2.155         8.000       5.845      BUFGCTRL_X0Y0  clk_IBUF_BUFG_inst/I
Low Pulse Width   Slow    FDRE/C   n/a            0.500         4.000       3.500      SLICE_X8Y12    top_1/id_ex_1/pip_func3/data_out_reg[0]/C
High Pulse Width  Slow    FDRE/C   n/a            0.500         4.000       3.500      SLICE_X8Y12    top_1/id_ex_1/pip_func3/data_out_reg[0]/C



