#-----------------------------------------------------------
# Vivado v2022.2 (64-bit)
# SW Build 3671981 on Fri Oct 14 05:00:03 MDT 2022
# IP Build 3669848 on Fri Oct 14 08:30:02 MDT 2022
# Start of session at: Wed Apr  1 14:26:43 2026
# Process ID: 24468
# Current directory: C:/
# Command line: vivado.exe -mode batch -source \\wsl.localhost\Ubuntu\home\chiawei\SiliconAwards\vivado_reports\synth_vexriscv.tcl -log \\wsl.localhost\Ubuntu\home\chiawei\SiliconAwards\vivado_reports\synth_vexriscv.log -nojournal
# Log file: //wsl.localhost/Ubuntu/home/chiawei/SiliconAwards/vivado_reports/synth_vexriscv.log
# Journal file: 
# Running On: WangChiaWei, OS: Windows, CPU Frequency: 2688 MHz, CPU Physical cores: 10, Host memory: 34050 MB
#-----------------------------------------------------------
source {\\wsl.localhost\Ubuntu\home\chiawei\SiliconAwards\vivado_reports\synth_vexriscv.tcl}
# set SRCDIR  {\\wsl.localhost\Ubuntu\home\chiawei\SiliconAwards\vivado_reports}
# set OUTDIR  {\\wsl.localhost\Ubuntu\home\chiawei\SiliconAwards\vivado_reports}
# set PART    xc7z020clg400-1
# set TOP     VexRiscv
# set_param general.maxThreads 4
# read_verilog [list ${SRCDIR}/VexRiscv_dynamic_bht.v]
read_verilog: Time (s): cpu = 00:00:07 ; elapsed = 00:00:09 . Memory (MB): peak = 390.719 ; gain = 45.898
# synth_design \
#     -top ${TOP} \
#     -part ${PART} \
#     -mode out_of_context
Command: synth_design -top VexRiscv -part xc7z020clg400-1 -mode out_of_context
Starting synth_design
Attempting to get a license for feature 'Synthesis' and/or device 'xc7z020'
INFO: [Common 17-349] Got license for feature 'Synthesis' and/or device 'xc7z020'
INFO: [Synth 8-7079] Multithreading enabled for synth_design using a maximum of 4 processes.
INFO: [Synth 8-7078] Launching helper process for spawning children vivado processes
INFO: [Synth 8-7075] Helper process launched with PID 27368
INFO: [Synth 8-11241] undeclared symbol 'REGCCE', assumed default net type 'wire' [D:/Xilinx/Vivado/2022.2/data/verilog/src/unimacro/BRAM_SINGLE_MACRO.v:2170]
---------------------------------------------------------------------------------
Starting Synthesize : Time (s): cpu = 00:00:06 ; elapsed = 00:00:07 . Memory (MB): peak = 828.996 ; gain = 413.414
---------------------------------------------------------------------------------
INFO: [Synth 8-6157] synthesizing module 'VexRiscv' [//wsl.localhost/Ubuntu/home/chiawei/SiliconAwards/vivado_reports/VexRiscv_dynamic_bht.v:7]
INFO: [Synth 8-6157] synthesizing module 'StreamFifoLowLatency' [//wsl.localhost/Ubuntu/home/chiawei/SiliconAwards/vivado_reports/VexRiscv_dynamic_bht.v:3799]
INFO: [Synth 8-6157] synthesizing module 'StreamFifo' [//wsl.localhost/Ubuntu/home/chiawei/SiliconAwards/vivado_reports/VexRiscv_dynamic_bht.v:3846]
INFO: [Synth 8-6155] done synthesizing module 'StreamFifo' (0#1) [//wsl.localhost/Ubuntu/home/chiawei/SiliconAwards/vivado_reports/VexRiscv_dynamic_bht.v:3846]
INFO: [Synth 8-6155] done synthesizing module 'StreamFifoLowLatency' (0#1) [//wsl.localhost/Ubuntu/home/chiawei/SiliconAwards/vivado_reports/VexRiscv_dynamic_bht.v:3799]
INFO: [Synth 8-6155] done synthesizing module 'VexRiscv' (0#1) [//wsl.localhost/Ubuntu/home/chiawei/SiliconAwards/vivado_reports/VexRiscv_dynamic_bht.v:7]
WARNING: [Synth 8-6014] Unused sequential element IBusSimplePlugin_fetchPc_correctionReg_reg was removed.  [//wsl.localhost/Ubuntu/home/chiawei/SiliconAwards/vivado_reports/VexRiscv_dynamic_bht.v:2205]
WARNING: [Synth 8-6014] Unused sequential element IBusSimplePlugin_injector_nextPcCalc_valids_0_reg was removed.  [//wsl.localhost/Ubuntu/home/chiawei/SiliconAwards/vivado_reports/VexRiscv_dynamic_bht.v:3355]
WARNING: [Synth 8-6014] Unused sequential element IBusSimplePlugin_injector_nextPcCalc_valids_1_reg was removed.  [//wsl.localhost/Ubuntu/home/chiawei/SiliconAwards/vivado_reports/VexRiscv_dynamic_bht.v:2290]
WARNING: [Synth 8-6014] Unused sequential element IBusSimplePlugin_injector_nextPcCalc_valids_2_reg was removed.  [//wsl.localhost/Ubuntu/home/chiawei/SiliconAwards/vivado_reports/VexRiscv_dynamic_bht.v:2291]
WARNING: [Synth 8-6014] Unused sequential element IBusSimplePlugin_injector_nextPcCalc_valids_3_reg was removed.  [//wsl.localhost/Ubuntu/home/chiawei/SiliconAwards/vivado_reports/VexRiscv_dynamic_bht.v:2292]
WARNING: [Synth 8-6014] Unused sequential element IBusSimplePlugin_injector_nextPcCalc_valids_4_reg was removed.  [//wsl.localhost/Ubuntu/home/chiawei/SiliconAwards/vivado_reports/VexRiscv_dynamic_bht.v:2293]
WARNING: [Synth 8-6014] Unused sequential element CsrPlugin_mcycle_reg was removed.  [//wsl.localhost/Ubuntu/home/chiawei/SiliconAwards/vivado_reports/VexRiscv_dynamic_bht.v:3368]
WARNING: [Synth 8-6014] Unused sequential element CsrPlugin_minstret_reg was removed.  [//wsl.localhost/Ubuntu/home/chiawei/SiliconAwards/vivado_reports/VexRiscv_dynamic_bht.v:3369]
WARNING: [Synth 8-6014] Unused sequential element execute_CsrPlugin_wfiWake_reg was removed.  [//wsl.localhost/Ubuntu/home/chiawei/SiliconAwards/vivado_reports/VexRiscv_dynamic_bht.v:3375]
WARNING: [Synth 8-6014] Unused sequential element _zz_IBusSimplePlugin_injector_decodeInput_payload_rsp_error_reg was removed.  [//wsl.localhost/Ubuntu/home/chiawei/SiliconAwards/vivado_reports/VexRiscv_dynamic_bht.v:2281]
WARNING: [Synth 8-6014] Unused sequential element _zz_IBusSimplePlugin_injector_decodeInput_payload_isRvc_reg was removed.  [//wsl.localhost/Ubuntu/home/chiawei/SiliconAwards/vivado_reports/VexRiscv_dynamic_bht.v:2283]
WARNING: [Synth 8-6014] Unused sequential element IBusSimplePlugin_injector_formal_rawInDecode_reg was removed.  [//wsl.localhost/Ubuntu/home/chiawei/SiliconAwards/vivado_reports/VexRiscv_dynamic_bht.v:3584]
WARNING: [Synth 8-6014] Unused sequential element memory_to_writeBack_PC_reg was removed.  [//wsl.localhost/Ubuntu/home/chiawei/SiliconAwards/vivado_reports/VexRiscv_dynamic_bht.v:2018]
WARNING: [Synth 8-6014] Unused sequential element decode_to_execute_FORMAL_PC_NEXT_reg was removed.  [//wsl.localhost/Ubuntu/home/chiawei/SiliconAwards/vivado_reports/VexRiscv_dynamic_bht.v:1843]
WARNING: [Synth 8-6014] Unused sequential element execute_to_memory_FORMAL_PC_NEXT_reg was removed.  [//wsl.localhost/Ubuntu/home/chiawei/SiliconAwards/vivado_reports/VexRiscv_dynamic_bht.v:1842]
WARNING: [Synth 8-6014] Unused sequential element memory_to_writeBack_FORMAL_PC_NEXT_reg was removed.  [//wsl.localhost/Ubuntu/home/chiawei/SiliconAwards/vivado_reports/VexRiscv_dynamic_bht.v:1841]
WARNING: [Synth 8-6014] Unused sequential element decode_to_execute_CSR_READ_OPCODE_reg was removed.  [//wsl.localhost/Ubuntu/home/chiawei/SiliconAwards/vivado_reports/VexRiscv_dynamic_bht.v:1964]
WARNING: [Synth 8-3936] Found unconnected internal register '_zz_CsrPlugin_csrMapping_writeDataSignal_reg' and it is trimmed from '32' to '13' bits. [//wsl.localhost/Ubuntu/home/chiawei/SiliconAwards/vivado_reports/VexRiscv_dynamic_bht.v:2711]
WARNING: [Synth 8-3936] Found unconnected internal register 'memory_to_writeBack_INSTRUCTION_reg' and it is trimmed from '32' to '30' bits. [//wsl.localhost/Ubuntu/home/chiawei/SiliconAwards/vivado_reports/VexRiscv_dynamic_bht.v:2019]
WARNING: [Synth 8-3917] design VexRiscv has port iBus_cmd_payload_pc[1] driven by constant 0
WARNING: [Synth 8-3917] design VexRiscv has port iBus_cmd_payload_pc[0] driven by constant 0
WARNING: [Synth 8-7129] Port dBus_rsp_error in module VexRiscv is either unconnected or has no load
---------------------------------------------------------------------------------
Finished Synthesize : Time (s): cpu = 00:00:09 ; elapsed = 00:00:10 . Memory (MB): peak = 932.141 ; gain = 516.559
---------------------------------------------------------------------------------
---------------------------------------------------------------------------------
Finished Constraint Validation : Time (s): cpu = 00:00:09 ; elapsed = 00:00:11 . Memory (MB): peak = 932.141 ; gain = 516.559
---------------------------------------------------------------------------------
---------------------------------------------------------------------------------
Start Loading Part and Timing Information
---------------------------------------------------------------------------------
Loading part: xc7z020clg400-1
---------------------------------------------------------------------------------
Finished Loading Part and Timing Information : Time (s): cpu = 00:00:09 ; elapsed = 00:00:11 . Memory (MB): peak = 932.141 ; gain = 516.559
---------------------------------------------------------------------------------
INFO: [Device 21-403] Loading part xc7z020clg400-1
WARNING: [Synth 8-3936] Found unconnected internal register 'execute_to_memory_PC_reg' and it is trimmed from '32' to '12' bits. [//wsl.localhost/Ubuntu/home/chiawei/SiliconAwards/vivado_reports/VexRiscv_dynamic_bht.v:1990]
WARNING: [Synth 8-3936] Found unconnected internal register 'execute_to_memory_INSTRUCTION_reg' and it is trimmed from '32' to '30' bits. [//wsl.localhost/Ubuntu/home/chiawei/SiliconAwards/vivado_reports/VexRiscv_dynamic_bht.v:1858]
---------------------------------------------------------------------------------
Finished RTL Optimization Phase 2 : Time (s): cpu = 00:00:11 ; elapsed = 00:00:12 . Memory (MB): peak = 932.141 ; gain = 516.559
---------------------------------------------------------------------------------
No constraint files found.
---------------------------------------------------------------------------------
Start RTL Component Statistics 
---------------------------------------------------------------------------------
Detailed RTL Component Info : 
+---Adders : 
	   3 Input   32 Bit       Adders := 1     
	   2 Input   32 Bit       Adders := 3     
	   2 Input    5 Bit       Adders := 1     
	   3 Input    3 Bit       Adders := 2     
	   4 Input    3 Bit       Adders := 1     
	   2 Input    3 Bit       Adders := 1     
	   2 Input    2 Bit       Adders := 1     
+---XORs : 
	   2 Input     32 Bit         XORs := 1     
	   2 Input      1 Bit         XORs := 2     
+---Registers : 
	               32 Bit    Registers := 16    
	               30 Bit    Registers := 2     
	               12 Bit    Registers := 1     
	               10 Bit    Registers := 1     
	                5 Bit    Registers := 2     
	                4 Bit    Registers := 2     
	                3 Bit    Registers := 2     
	                2 Bit    Registers := 15    
	                1 Bit    Registers := 55    
+---RAMs : 
	               2K Bit	(1024 X 2 bit)          RAMs := 1     
	             1024 Bit	(32 X 32 bit)          RAMs := 1     
+---Muxes : 
	   2 Input   32 Bit        Muxes := 50    
	   3 Input   32 Bit        Muxes := 2     
	   4 Input   32 Bit        Muxes := 3     
	   2 Input   25 Bit        Muxes := 1     
	   2 Input   13 Bit        Muxes := 2     
	   2 Input    5 Bit        Muxes := 2     
	   4 Input    4 Bit        Muxes := 1     
	   5 Input    4 Bit        Muxes := 1     
	   2 Input    4 Bit        Muxes := 2     
	   2 Input    3 Bit        Muxes := 1     
	   2 Input    2 Bit        Muxes := 6     
	   5 Input    2 Bit        Muxes := 1     
	   2 Input    1 Bit        Muxes := 59    
	   4 Input    1 Bit        Muxes := 2     
---------------------------------------------------------------------------------
Finished RTL Component Statistics 
---------------------------------------------------------------------------------
---------------------------------------------------------------------------------
Start Part Resource Summary
---------------------------------------------------------------------------------
Part Resources:
DSPs: 220 (col length:60)
BRAMs: 280 (col length: RAMB18 60 RAMB36 30)
---------------------------------------------------------------------------------
Finished Part Resource Summary
---------------------------------------------------------------------------------
No constraint files found.
---------------------------------------------------------------------------------
Start Cross Boundary and Area Optimization
---------------------------------------------------------------------------------
WARNING: [Synth 8-7080] Parallel synthesis criteria is not met
WARNING: [Synth 8-3917] design VexRiscv has port iBus_cmd_payload_pc[1] driven by constant 0
WARNING: [Synth 8-3917] design VexRiscv has port iBus_cmd_payload_pc[0] driven by constant 0
WARNING: [Synth 8-7129] Port dBus_rsp_error in module VexRiscv is either unconnected or has no load
INFO: [Synth 8-3971] The signal "VexRiscv/RegFilePlugin_regFile_reg" was recognized as a true dual port RAM template.
---------------------------------------------------------------------------------
Finished Cross Boundary and Area Optimization : Time (s): cpu = 00:00:46 ; elapsed = 00:00:52 . Memory (MB): peak = 1348.543 ; gain = 932.961
---------------------------------------------------------------------------------
---------------------------------------------------------------------------------
Start ROM, RAM, DSP, Shift Register and Retiming Reporting
---------------------------------------------------------------------------------

Block RAM: Preliminary Mapping Report (see note below)
+------------+------------+------------------------+---+---+------------------------+---+---+------------------+--------+--------+
|Module Name | RTL Object | PORT A (Depth x Width) | W | R | PORT B (Depth x Width) | W | R | Ports driving FF | RAMB18 | RAMB36 | 
+------------+------------+------------------------+---+---+------------------------+---+---+------------------+--------+--------+
|VexRiscv    | _zz_3_reg  | 1 K x 2(READ_FIRST)    | W |   | 1 K x 2(WRITE_FIRST)   |   | R | Port A and B     | 1      | 0      | 
+------------+------------+------------------------+---+---+------------------------+---+---+------------------+--------+--------+

Note: The table above is a preliminary report that shows the Block RAMs at the current stage of the synthesis flow. Some Block RAMs may be reimplemented as non Block RAM primitives later in the synthesis flow. Multiple instantiated Block RAMs are reported only once. 
---------------------------------------------------------------------------------
Finished ROM, RAM, DSP, Shift Register and Retiming Reporting
---------------------------------------------------------------------------------
No constraint files found.
---------------------------------------------------------------------------------
Start Timing Optimization
---------------------------------------------------------------------------------
---------------------------------------------------------------------------------
Finished Timing Optimization : Time (s): cpu = 00:00:46 ; elapsed = 00:00:52 . Memory (MB): peak = 1348.543 ; gain = 932.961
---------------------------------------------------------------------------------
---------------------------------------------------------------------------------
Start ROM, RAM, DSP, Shift Register and Retiming Reporting
---------------------------------------------------------------------------------

Block RAM: Final Mapping Report
+------------+------------+------------------------+---+---+------------------------+---+---+------------------+--------+--------+
|Module Name | RTL Object | PORT A (Depth x Width) | W | R | PORT B (Depth x Width) | W | R | Ports driving FF | RAMB18 | RAMB36 | 
+------------+------------+------------------------+---+---+------------------------+---+---+------------------+--------+--------+
|VexRiscv    | _zz_3_reg  | 1 K x 2(READ_FIRST)    | W |   | 1 K x 2(WRITE_FIRST)   |   | R | Port A and B     | 1      | 0      | 
+------------+------------+------------------------+---+---+------------------------+---+---+------------------+--------+--------+

---------------------------------------------------------------------------------
Finished ROM, RAM, DSP, Shift Register and Retiming Reporting
---------------------------------------------------------------------------------
---------------------------------------------------------------------------------
Start Technology Mapping
---------------------------------------------------------------------------------
INFO: [Synth 8-7052] The timing for the instance RegFilePlugin_regFile_reg_1 (implemented as a Block RAM) might be sub-optimal as no optional output register could be merged into the ram block. Providing additional output register may help in improving timing.
INFO: [Synth 8-7052] The timing for the instance RegFilePlugin_regFile_reg_2 (implemented as a Block RAM) might be sub-optimal as no optional output register could be merged into the ram block. Providing additional output register may help in improving timing.
---------------------------------------------------------------------------------
Finished Technology Mapping : Time (s): cpu = 00:00:46 ; elapsed = 00:00:53 . Memory (MB): peak = 1348.543 ; gain = 932.961
---------------------------------------------------------------------------------
---------------------------------------------------------------------------------
Start IO Insertion
---------------------------------------------------------------------------------
---------------------------------------------------------------------------------
Start Flattening Before IO Insertion
---------------------------------------------------------------------------------
---------------------------------------------------------------------------------
Finished Flattening Before IO Insertion
---------------------------------------------------------------------------------
---------------------------------------------------------------------------------
Start Final Netlist Cleanup
---------------------------------------------------------------------------------
---------------------------------------------------------------------------------
Finished Final Netlist Cleanup
---------------------------------------------------------------------------------
---------------------------------------------------------------------------------
Finished IO Insertion : Time (s): cpu = 00:00:51 ; elapsed = 00:00:59 . Memory (MB): peak = 1348.543 ; gain = 932.961
---------------------------------------------------------------------------------
---------------------------------------------------------------------------------
Start Renaming Generated Instances
---------------------------------------------------------------------------------
---------------------------------------------------------------------------------
Finished Renaming Generated Instances : Time (s): cpu = 00:00:51 ; elapsed = 00:00:59 . Memory (MB): peak = 1348.543 ; gain = 932.961
---------------------------------------------------------------------------------
---------------------------------------------------------------------------------
Start Rebuilding User Hierarchy
---------------------------------------------------------------------------------
---------------------------------------------------------------------------------
Finished Rebuilding User Hierarchy : Time (s): cpu = 00:00:51 ; elapsed = 00:00:59 . Memory (MB): peak = 1348.543 ; gain = 932.961
---------------------------------------------------------------------------------
---------------------------------------------------------------------------------
Start Renaming Generated Ports
---------------------------------------------------------------------------------
---------------------------------------------------------------------------------
Finished Renaming Generated Ports : Time (s): cpu = 00:00:51 ; elapsed = 00:00:59 . Memory (MB): peak = 1348.543 ; gain = 932.961
---------------------------------------------------------------------------------
---------------------------------------------------------------------------------
Start Handling Custom Attributes
---------------------------------------------------------------------------------
---------------------------------------------------------------------------------
Finished Handling Custom Attributes : Time (s): cpu = 00:00:51 ; elapsed = 00:00:59 . Memory (MB): peak = 1348.543 ; gain = 932.961
---------------------------------------------------------------------------------
---------------------------------------------------------------------------------
Start Renaming Generated Nets
---------------------------------------------------------------------------------
---------------------------------------------------------------------------------
Finished Renaming Generated Nets : Time (s): cpu = 00:00:51 ; elapsed = 00:00:59 . Memory (MB): peak = 1348.543 ; gain = 932.961
---------------------------------------------------------------------------------
---------------------------------------------------------------------------------
Start Writing Synthesis Report
---------------------------------------------------------------------------------

Report BlackBoxes: 
+-+--------------+----------+
| |BlackBox name |Instances |
+-+--------------+----------+
+-+--------------+----------+

Report Cell Usage: 
+------+---------+------+
|      |Cell     |Count |
+------+---------+------+
|1     |CARRY4   |    36|
|2     |LUT1     |     6|
|3     |LUT2     |    66|
|4     |LUT3     |    76|
|5     |LUT4     |   144|
|6     |LUT5     |   197|
|7     |LUT6     |   376|
|8     |MUXF7    |     3|
|9     |RAMB18E1 |     3|
|10    |FDCE     |    54|
|11    |FDPE     |     3|
|12    |FDRE     |   504|
+------+---------+------+

Report Instance Areas: 
+------+---------------------------------------+---------------------+------+
|      |Instance                               |Module               |Cells |
+------+---------------------------------------+---------------------+------+
|1     |top                                    |                     |  1468|
|2     |  IBusSimplePlugin_rspJoin_rspBuffer_c |StreamFifoLowLatency |   132|
|3     |    fifo                               |StreamFifo           |   132|
+------+---------------------------------------+---------------------+------+
---------------------------------------------------------------------------------
Finished Writing Synthesis Report : Time (s): cpu = 00:00:51 ; elapsed = 00:00:59 . Memory (MB): peak = 1348.543 ; gain = 932.961
---------------------------------------------------------------------------------
Synthesis finished with 0 errors, 0 critical warnings and 28 warnings.
Synthesis Optimization Runtime : Time (s): cpu = 00:00:51 ; elapsed = 00:00:59 . Memory (MB): peak = 1348.543 ; gain = 932.961
Synthesis Optimization Complete : Time (s): cpu = 00:00:51 ; elapsed = 00:00:59 . Memory (MB): peak = 1348.543 ; gain = 932.961
INFO: [Project 1-571] Translating synthesized netlist
Netlist sorting complete. Time (s): cpu = 00:00:00 ; elapsed = 00:00:00.029 . Memory (MB): peak = 1348.543 ; gain = 0.000
INFO: [Netlist 29-17] Analyzing 42 Unisim elements for replacement
INFO: [Netlist 29-28] Unisim Transformation completed in 0 CPU seconds
WARNING: [Netlist 29-101] Netlist 'VexRiscv' is not ideal for floorplanning, since the cellview 'VexRiscv' contains a large number of primitives.  Please consider enabling hierarchy in synthesis if you want to do floorplanning.
INFO: [Project 1-570] Preparing netlist for logic optimization
INFO: [Opt 31-138] Pushed 0 inverter(s) to 0 load pin(s).
Netlist sorting complete. Time (s): cpu = 00:00:00 ; elapsed = 00:00:00 . Memory (MB): peak = 1348.543 ; gain = 0.000
INFO: [Project 1-111] Unisim Transformation Summary:
No Unisim elements were transformed.

Synth Design complete, checksum: e51f4de0
INFO: [Common 17-83] Releasing license: Synthesis
22 Infos, 29 Warnings, 0 Critical Warnings and 0 Errors encountered.
synth_design completed successfully
synth_design: Time (s): cpu = 00:00:54 ; elapsed = 00:01:03 . Memory (MB): peak = 1348.543 ; gain = 957.824
INFO: [Common 17-600] The following parameters have non-default value.
general.maxThreads
# create_clock -period 8.000 -name clk [get_ports clk]
# opt_design
Command: opt_design
Attempting to get a license for feature 'Implementation' and/or device 'xc7z020'
INFO: [Common 17-349] Got license for feature 'Implementation' and/or device 'xc7z020'
Running DRC as a precondition to command opt_design

Starting DRC Task
INFO: [DRC 23-27] Running DRC with 4 threads
INFO: [Project 1-461] DRC finished with 0 Errors
INFO: [Project 1-462] Please refer to the DRC report (report_drc) for more information.

Time (s): cpu = 00:00:02 ; elapsed = 00:00:01 . Memory (MB): peak = 1348.543 ; gain = 0.000

Starting Cache Timing Information Task
INFO: [Timing 38-35] Done setting XDC timing constraints.
Ending Cache Timing Information Task | Checksum: 17e2ff8de

Time (s): cpu = 00:00:08 ; elapsed = 00:00:10 . Memory (MB): peak = 1600.570 ; gain = 252.027

Starting Logic Optimization Task

Phase 1 Retarget
INFO: [Opt 31-1287] Pulled Inverter HazardSimplePlugin_writeBackBuffer_payload_data[7]_i_1 into driver instance RegFilePlugin_regFile_reg_1_i_44, which resulted in an inversion of 4 pins
INFO: [Opt 31-1287] Pulled Inverter _zz_3_reg_i_3 into driver instance IBusSimplePlugin_rspJoin_rspBuffer_c/fifo/io_push_rData_inst[31]_i_3, which resulted in an inversion of 17 pins
INFO: [Opt 31-1287] Pulled Inverter decode_to_execute_MEMORY_STORE_i_1 into driver instance IBusSimplePlugin_rspJoin_rspBuffer_c/fifo/iBus_cmd_valid_INST_0_i_6, which resulted in an inversion of 8 pins
INFO: [Opt 31-138] Pushed 0 inverter(s) to 0 load pin(s).
INFO: [Opt 31-49] Retargeted 0 cell(s).
Phase 1 Retarget | Checksum: 2aa2d533

Time (s): cpu = 00:00:00 ; elapsed = 00:00:00.203 . Memory (MB): peak = 1925.191 ; gain = 0.000
INFO: [Opt 31-389] Phase Retarget created 0 cells and removed 4 cells

Phase 2 Constant propagation
INFO: [Opt 31-138] Pushed 0 inverter(s) to 0 load pin(s).
Phase 2 Constant propagation | Checksum: 5a169202

Time (s): cpu = 00:00:00 ; elapsed = 00:00:00.219 . Memory (MB): peak = 1925.191 ; gain = 0.000
INFO: [Opt 31-389] Phase Constant propagation created 0 cells and removed 0 cells

Phase 3 Sweep
Phase 3 Sweep | Checksum: 7d762520

Time (s): cpu = 00:00:00 ; elapsed = 00:00:00.235 . Memory (MB): peak = 1925.191 ; gain = 0.000
INFO: [Opt 31-389] Phase Sweep created 0 cells and removed 0 cells

Phase 4 BUFG optimization
Phase 4 BUFG optimization | Checksum: 7d762520

Time (s): cpu = 00:00:01 ; elapsed = 00:00:00.270 . Memory (MB): peak = 1925.191 ; gain = 0.000
INFO: [Opt 31-662] Phase BUFG optimization created 0 cells of which 0 are BUFGs and removed 0 cells.

Phase 5 Shift Register Optimization
INFO: [Opt 31-1064] SRL Remap converted 0 SRLs to 0 registers and converted 0 registers of register chains to 0 SRLs
Phase 5 Shift Register Optimization | Checksum: 7d762520

Time (s): cpu = 00:00:01 ; elapsed = 00:00:00.274 . Memory (MB): peak = 1925.191 ; gain = 0.000
INFO: [Opt 31-389] Phase Shift Register Optimization created 0 cells and removed 0 cells

Phase 6 Post Processing Netlist
Phase 6 Post Processing Netlist | Checksum: 7d762520

Time (s): cpu = 00:00:01 ; elapsed = 00:00:00.279 . Memory (MB): peak = 1925.191 ; gain = 0.000
INFO: [Opt 31-389] Phase Post Processing Netlist created 0 cells and removed 0 cells
Opt_design Change Summary
=========================


-------------------------------------------------------------------------------------------------------------------------
|  Phase                        |  #Cells created  |  #Cells Removed  |  #Constrained objects preventing optimizations  |
-------------------------------------------------------------------------------------------------------------------------
|  Retarget                     |               0  |               4  |                                              0  |
|  Constant propagation         |               0  |               0  |                                              0  |
|  Sweep                        |               0  |               0  |                                              0  |
|  BUFG optimization            |               0  |               0  |                                              0  |
|  Shift Register Optimization  |               0  |               0  |                                              0  |
|  Post Processing Netlist      |               0  |               0  |                                              0  |
-------------------------------------------------------------------------------------------------------------------------



Starting Connectivity Check Task

Time (s): cpu = 00:00:00 ; elapsed = 00:00:00.003 . Memory (MB): peak = 1925.191 ; gain = 0.000
Ending Logic Optimization Task | Checksum: 142b57a64

Time (s): cpu = 00:00:01 ; elapsed = 00:00:00.308 . Memory (MB): peak = 1925.191 ; gain = 0.000

Starting Power Optimization Task
INFO: [Pwropt 34-132] Skipping clock gating for clocks with a period < 2.00 ns.
INFO: [Timing 38-35] Done setting XDC timing constraints.
Running Vector-less Activity Propagation...
INFO: [Pwropt 34-9] Applying IDT optimizations ...
INFO: [Pwropt 34-10] Applying ODC optimizations ...

Finished Running Vector-less Activity Propagation


Starting PowerOpt Patch Enables Task
INFO: [Pwropt 34-162] WRITE_MODE attribute of 0 BRAM(s) out of a total of 3 has been updated to save power. Run report_power_opt to get a complete listing of the BRAMs updated.
INFO: [Pwropt 34-201] Structural ODC has moved 0 WE to EN ports
Number of BRAM Ports augmented: 1 newly gated: 2 Total Ports: 6
Ending PowerOpt Patch Enables Task | Checksum: fcff5150

Time (s): cpu = 00:00:00 ; elapsed = 00:00:00.025 . Memory (MB): peak = 1980.203 ; gain = 0.000
Ending Power Optimization Task | Checksum: fcff5150

Time (s): cpu = 00:00:01 ; elapsed = 00:00:00.942 . Memory (MB): peak = 1980.203 ; gain = 55.012

Starting Final Cleanup Task
Ending Final Cleanup Task | Checksum: fcff5150

Time (s): cpu = 00:00:00 ; elapsed = 00:00:00.001 . Memory (MB): peak = 1980.203 ; gain = 0.000

Starting Netlist Obfuscation Task
Netlist sorting complete. Time (s): cpu = 00:00:00 ; elapsed = 00:00:00.010 . Memory (MB): peak = 1980.203 ; gain = 0.000
Ending Netlist Obfuscation Task | Checksum: 147033fe9

Time (s): cpu = 00:00:00 ; elapsed = 00:00:00.011 . Memory (MB): peak = 1980.203 ; gain = 0.000
INFO: [Common 17-83] Releasing license: Implementation
25 Infos, 0 Warnings, 0 Critical Warnings and 0 Errors encountered.
opt_design completed successfully
opt_design: Time (s): cpu = 00:00:15 ; elapsed = 00:00:17 . Memory (MB): peak = 1980.203 ; gain = 631.660
INFO: [Common 17-600] The following parameters have non-default value.
general.maxThreads
# place_design
Command: place_design
Attempting to get a license for feature 'Implementation' and/or device 'xc7z020'
INFO: [Common 17-349] Got license for feature 'Implementation' and/or device 'xc7z020'
INFO: [DRC 23-27] Running DRC with 4 threads
INFO: [Vivado_Tcl 4-198] DRC finished with 0 Errors
INFO: [Vivado_Tcl 4-199] Please refer to the DRC report (report_drc) for more information.
Running DRC as a precondition to command place_design
INFO: [DRC 23-27] Running DRC with 4 threads
INFO: [Vivado_Tcl 4-198] DRC finished with 0 Errors, 21 Warnings
INFO: [Vivado_Tcl 4-199] Please refer to the DRC report (report_drc) for more information.

Starting Placer Task
INFO: [Place 30-611] Multithreading enabled for place_design using a maximum of 4 CPUs

Phase 1 Placer Initialization

Phase 1.1 Placer Initialization Netlist Sorting
Netlist sorting complete. Time (s): cpu = 00:00:00 ; elapsed = 00:00:00.001 . Memory (MB): peak = 1980.203 ; gain = 0.000
Phase 1.1 Placer Initialization Netlist Sorting | Checksum: 638cdaa0

Time (s): cpu = 00:00:00 ; elapsed = 00:00:00.011 . Memory (MB): peak = 1980.203 ; gain = 0.000
Netlist sorting complete. Time (s): cpu = 00:00:00 ; elapsed = 00:00:00 . Memory (MB): peak = 1980.203 ; gain = 0.000

Phase 1.2 IO Placement/ Clock Placement/ Build Placer Device
INFO: [Timing 38-35] Done setting XDC timing constraints.
Phase 1.2 IO Placement/ Clock Placement/ Build Placer Device | Checksum: 37ec51e5

Time (s): cpu = 00:00:00 ; elapsed = 00:00:00.321 . Memory (MB): peak = 1980.203 ; gain = 0.000

Phase 1.3 Build Placer Netlist Model
Phase 1.3 Build Placer Netlist Model | Checksum: 1294c197c

Time (s): cpu = 00:00:00 ; elapsed = 00:00:00.630 . Memory (MB): peak = 1980.203 ; gain = 0.000

Phase 1.4 Constrain Clocks/Macros
Phase 1.4 Constrain Clocks/Macros | Checksum: 1294c197c

Time (s): cpu = 00:00:00 ; elapsed = 00:00:00.636 . Memory (MB): peak = 1980.203 ; gain = 0.000
Phase 1 Placer Initialization | Checksum: 1294c197c

Time (s): cpu = 00:00:00 ; elapsed = 00:00:00.643 . Memory (MB): peak = 1980.203 ; gain = 0.000

Phase 2 Global Placement

Phase 2.1 Floorplanning
Phase 2.1 Floorplanning | Checksum: 54bf05d4

Time (s): cpu = 00:00:01 ; elapsed = 00:00:00.824 . Memory (MB): peak = 1980.203 ; gain = 0.000

Phase 2.2 Update Timing before SLR Path Opt
Phase 2.2 Update Timing before SLR Path Opt | Checksum: 69d3fa53

Time (s): cpu = 00:00:01 ; elapsed = 00:00:00.972 . Memory (MB): peak = 1980.203 ; gain = 0.000

Phase 2.3 Post-Processing in Floorplanning
Phase 2.3 Post-Processing in Floorplanning | Checksum: 69d3fa53

Time (s): cpu = 00:00:01 ; elapsed = 00:00:00.977 . Memory (MB): peak = 1980.203 ; gain = 0.000

Phase 2.4 Global Placement Core

Phase 2.4.1 UpdateTiming Before Physical Synthesis
Phase 2.4.1 UpdateTiming Before Physical Synthesis | Checksum: e2f4700f

Time (s): cpu = 00:00:06 ; elapsed = 00:00:06 . Memory (MB): peak = 1980.203 ; gain = 0.000

Phase 2.4.2 Physical Synthesis In Placer
INFO: [Physopt 32-1035] Found 0 LUTNM shape to break, 96 LUT instances to create LUTNM shape
INFO: [Physopt 32-1044] Break lutnm for timing: one critical 0, two critical 0, total 0, new lutff created 0
INFO: [Physopt 32-1138] End 1 Pass. Optimized 37 nets or LUTs. Breaked 0 LUT, combined 37 existing LUTs and moved 0 existing LUT
INFO: [Physopt 32-65] No nets found for high-fanout optimization.
INFO: [Physopt 32-232] Optimized 0 net. Created 0 new instance.
INFO: [Physopt 32-775] End 1 Pass. Optimized 0 net or cell. Created 0 new cell, deleted 0 existing cell and moved 0 existing cell
INFO: [Physopt 32-670] No setup violation found.  DSP Register Optimization was not performed.
INFO: [Physopt 32-670] No setup violation found.  Shift Register to Pipeline Optimization was not performed.
INFO: [Physopt 32-670] No setup violation found.  Shift Register Optimization was not performed.
INFO: [Physopt 32-670] No setup violation found.  BRAM Register Optimization was not performed.
INFO: [Physopt 32-670] No setup violation found.  URAM Register Optimization was not performed.
INFO: [Physopt 32-949] No candidate nets found for dynamic/static region interface net replication
INFO: [Physopt 32-775] End 1 Pass. Optimized 0 net or cell. Created 0 new cell, deleted 0 existing cell and moved 0 existing cell
Netlist sorting complete. Time (s): cpu = 00:00:00 ; elapsed = 00:00:00.001 . Memory (MB): peak = 1980.203 ; gain = 0.000

Summary of Physical Synthesis Optimizations
============================================


-----------------------------------------------------------------------------------------------------------------------------------------------------------
|  Optimization                                     |  Added Cells  |  Removed Cells  |  Optimized Cells/Nets  |  Dont Touch  |  Iterations  |  Elapsed   |
-----------------------------------------------------------------------------------------------------------------------------------------------------------
|  LUT Combining                                    |            0  |             37  |                    37  |           0  |           1  |  00:00:00  |
|  Retime                                           |            0  |              0  |                     0  |           0  |           1  |  00:00:00  |
|  Very High Fanout                                 |            0  |              0  |                     0  |           0  |           1  |  00:00:00  |
|  DSP Register                                     |            0  |              0  |                     0  |           0  |           0  |  00:00:00  |
|  Shift Register to Pipeline                       |            0  |              0  |                     0  |           0  |           0  |  00:00:00  |
|  Shift Register                                   |            0  |              0  |                     0  |           0  |           0  |  00:00:00  |
|  BRAM Register                                    |            0  |              0  |                     0  |           0  |           0  |  00:00:00  |
|  URAM Register                                    |            0  |              0  |                     0  |           0  |           0  |  00:00:00  |
|  Dynamic/Static Region Interface Net Replication  |            0  |              0  |                     0  |           0  |           1  |  00:00:00  |
|  Total                                            |            0  |             37  |                    37  |           0  |           4  |  00:00:00  |
-----------------------------------------------------------------------------------------------------------------------------------------------------------


Phase 2.4.2 Physical Synthesis In Placer | Checksum: 1601e270b

Time (s): cpu = 00:00:06 ; elapsed = 00:00:07 . Memory (MB): peak = 1980.203 ; gain = 0.000
Phase 2.4 Global Placement Core | Checksum: 1a77cd622

Time (s): cpu = 00:00:06 ; elapsed = 00:00:07 . Memory (MB): peak = 1980.203 ; gain = 0.000
Phase 2 Global Placement | Checksum: 1a77cd622

Time (s): cpu = 00:00:06 ; elapsed = 00:00:07 . Memory (MB): peak = 1980.203 ; gain = 0.000

Phase 3 Detail Placement

Phase 3.1 Commit Multi Column Macros
Phase 3.1 Commit Multi Column Macros | Checksum: 1a14f78b9

Time (s): cpu = 00:00:06 ; elapsed = 00:00:07 . Memory (MB): peak = 1980.203 ; gain = 0.000

Phase 3.2 Commit Most Macros & LUTRAMs
Phase 3.2 Commit Most Macros & LUTRAMs | Checksum: 1e0ccbad1

Time (s): cpu = 00:00:06 ; elapsed = 00:00:07 . Memory (MB): peak = 1980.203 ; gain = 0.000

Phase 3.3 Area Swap Optimization
Phase 3.3 Area Swap Optimization | Checksum: 1d8300465

Time (s): cpu = 00:00:07 ; elapsed = 00:00:07 . Memory (MB): peak = 1980.203 ; gain = 0.000

Phase 3.4 Pipeline Register Optimization
Phase 3.4 Pipeline Register Optimization | Checksum: 22fd821e4

Time (s): cpu = 00:00:07 ; elapsed = 00:00:07 . Memory (MB): peak = 1980.203 ; gain = 0.000

Phase 3.5 Small Shape Detail Placement
Phase 3.5 Small Shape Detail Placement | Checksum: 1fc469ad2

Time (s): cpu = 00:00:07 ; elapsed = 00:00:08 . Memory (MB): peak = 1980.203 ; gain = 0.000

Phase 3.6 Re-assign LUT pins
Phase 3.6 Re-assign LUT pins | Checksum: 1cdf8ac5b

Time (s): cpu = 00:00:07 ; elapsed = 00:00:08 . Memory (MB): peak = 1980.203 ; gain = 0.000

Phase 3.7 Pipeline Register Optimization
Phase 3.7 Pipeline Register Optimization | Checksum: 23b439a63

Time (s): cpu = 00:00:07 ; elapsed = 00:00:08 . Memory (MB): peak = 1980.203 ; gain = 0.000
Phase 3 Detail Placement | Checksum: 23b439a63

Time (s): cpu = 00:00:07 ; elapsed = 00:00:08 . Memory (MB): peak = 1980.203 ; gain = 0.000

Phase 4 Post Placement Optimization and Clean-Up

Phase 4.1 Post Commit Optimization
INFO: [Timing 38-35] Done setting XDC timing constraints.

Phase 4.1.1 Post Placement Optimization
Post Placement Optimization Initialization | Checksum: f6490552

Phase 4.1.1.1 BUFG Insertion

Starting Physical Synthesis Task

Phase 1 Physical Synthesis Initialization
INFO: [Physopt 32-721] Multithreading enabled for phys_opt_design using a maximum of 4 CPUs
INFO: [Physopt 32-619] Estimated Timing Summary | WNS=0.582 | TNS=0.000 |
Phase 1 Physical Synthesis Initialization | Checksum: 1545105bf

Time (s): cpu = 00:00:00 ; elapsed = 00:00:00.041 . Memory (MB): peak = 1980.203 ; gain = 0.000
INFO: [Place 46-56] BUFG insertion identified 0 candidate nets. Inserted BUFG: 0, Replicated BUFG Driver: 0, Skipped due to Placement/Routing Conflicts: 0, Skipped due to Timing Degradation: 0, Skipped due to Illegal Netlist: 0.
Ending Physical Synthesis Task | Checksum: 1886053da

Time (s): cpu = 00:00:00 ; elapsed = 00:00:00.051 . Memory (MB): peak = 1980.203 ; gain = 0.000
Phase 4.1.1.1 BUFG Insertion | Checksum: f6490552

Time (s): cpu = 00:00:08 ; elapsed = 00:00:08 . Memory (MB): peak = 1980.203 ; gain = 0.000

Phase 4.1.1.2 Post Placement Timing Optimization
INFO: [Place 30-746] Post Placement Timing Summary WNS=0.582. For the most accurate timing information please run report_timing.
Phase 4.1.1.2 Post Placement Timing Optimization | Checksum: 129884186

Time (s): cpu = 00:00:08 ; elapsed = 00:00:08 . Memory (MB): peak = 1980.203 ; gain = 0.000

Time (s): cpu = 00:00:08 ; elapsed = 00:00:08 . Memory (MB): peak = 1980.203 ; gain = 0.000
Phase 4.1 Post Commit Optimization | Checksum: 129884186

Time (s): cpu = 00:00:08 ; elapsed = 00:00:08 . Memory (MB): peak = 1980.203 ; gain = 0.000

Phase 4.2 Post Placement Cleanup
Phase 4.2 Post Placement Cleanup | Checksum: 129884186

Time (s): cpu = 00:00:08 ; elapsed = 00:00:08 . Memory (MB): peak = 1980.203 ; gain = 0.000

Phase 4.3 Placer Reporting

Phase 4.3.1 Print Estimated Congestion
INFO: [Place 30-612] Post-Placement Estimated Congestion 
 ____________________________________________________
|           | Global Congestion | Short Congestion  |
| Direction | Region Size       | Region Size       |
|___________|___________________|___________________|
|      North|                1x1|                1x1|
|___________|___________________|___________________|
|      South|                1x1|                1x1|
|___________|___________________|___________________|
|       East|                1x1|                1x1|
|___________|___________________|___________________|
|       West|                1x1|                1x1|
|___________|___________________|___________________|

Phase 4.3.1 Print Estimated Congestion | Checksum: 129884186

Time (s): cpu = 00:00:08 ; elapsed = 00:00:08 . Memory (MB): peak = 1980.203 ; gain = 0.000
Phase 4.3 Placer Reporting | Checksum: 129884186

Time (s): cpu = 00:00:08 ; elapsed = 00:00:08 . Memory (MB): peak = 1980.203 ; gain = 0.000

Phase 4.4 Final Placement Cleanup
Netlist sorting complete. Time (s): cpu = 00:00:00 ; elapsed = 00:00:00 . Memory (MB): peak = 1980.203 ; gain = 0.000

Time (s): cpu = 00:00:08 ; elapsed = 00:00:08 . Memory (MB): peak = 1980.203 ; gain = 0.000
Phase 4 Post Placement Optimization and Clean-Up | Checksum: 1671953ec

Time (s): cpu = 00:00:08 ; elapsed = 00:00:08 . Memory (MB): peak = 1980.203 ; gain = 0.000
Ending Placer Task | Checksum: e27b00f7

Time (s): cpu = 00:00:08 ; elapsed = 00:00:08 . Memory (MB): peak = 1980.203 ; gain = 0.000
INFO: [Common 17-83] Releasing license: Implementation
29 Infos, 0 Warnings, 0 Critical Warnings and 0 Errors encountered.
place_design completed successfully
place_design: Time (s): cpu = 00:00:10 ; elapsed = 00:00:09 . Memory (MB): peak = 1980.203 ; gain = 0.000
INFO: [Common 17-600] The following parameters have non-default value.
general.maxThreads
# route_design
Command: route_design
Attempting to get a license for feature 'Implementation' and/or device 'xc7z020'
INFO: [Common 17-349] Got license for feature 'Implementation' and/or device 'xc7z020'
Running DRC as a precondition to command route_design
INFO: [DRC 23-27] Running DRC with 4 threads
INFO: [Vivado_Tcl 4-198] DRC finished with 0 Errors
INFO: [Vivado_Tcl 4-199] Please refer to the DRC report (report_drc) for more information.


Starting Routing Task
INFO: [Route 35-254] Multithreading enabled for route_design using a maximum of 4 CPUs

Phase 1 Build RT Design
Checksum: PlaceDB: 856e64dc ConstDB: 0 ShapeSum: 5d0c9c1b RouteDB: 0
WARNING: [Route 35-197] Clock port "clk" does not have an associated HD.CLK_SRC. Without this constraint, timing analysis may not be accurate and upstream checks cannot be done to ensure correct clock placement.
WARNING: [Route 35-198] Port "dBus_rsp_data[20]" does not have an associated HD.PARTPIN_LOCS, which will prevent the partial routing of the signal "dBus_rsp_data[20]". Without this partial route, timing analysis to/from this port will not be accurate, and no routing information for this port can be exported.
WARNING: [Route 35-198] Port "dBus_rsp_data[21]" does not have an associated HD.PARTPIN_LOCS, which will prevent the partial routing of the signal "dBus_rsp_data[21]". Without this partial route, timing analysis to/from this port will not be accurate, and no routing information for this port can be exported.
WARNING: [Route 35-198] Port "dBus_rsp_data[26]" does not have an associated HD.PARTPIN_LOCS, which will prevent the partial routing of the signal "dBus_rsp_data[26]". Without this partial route, timing analysis to/from this port will not be accurate, and no routing information for this port can be exported.
WARNING: [Route 35-198] Port "dBus_rsp_data[12]" does not have an associated HD.PARTPIN_LOCS, which will prevent the partial routing of the signal "dBus_rsp_data[12]". Without this partial route, timing analysis to/from this port will not be accurate, and no routing information for this port can be exported.
WARNING: [Route 35-198] Port "dBus_rsp_data[22]" does not have an associated HD.PARTPIN_LOCS, which will prevent the partial routing of the signal "dBus_rsp_data[22]". Without this partial route, timing analysis to/from this port will not be accurate, and no routing information for this port can be exported.
WARNING: [Route 35-198] Port "dBus_rsp_data[4]" does not have an associated HD.PARTPIN_LOCS, which will prevent the partial routing of the signal "dBus_rsp_data[4]". Without this partial route, timing analysis to/from this port will not be accurate, and no routing information for this port can be exported.
WARNING: [Route 35-198] Port "dBus_rsp_data[6]" does not have an associated HD.PARTPIN_LOCS, which will prevent the partial routing of the signal "dBus_rsp_data[6]". Without this partial route, timing analysis to/from this port will not be accurate, and no routing information for this port can be exported.
WARNING: [Route 35-198] Port "dBus_rsp_data[14]" does not have an associated HD.PARTPIN_LOCS, which will prevent the partial routing of the signal "dBus_rsp_data[14]". Without this partial route, timing analysis to/from this port will not be accurate, and no routing information for this port can be exported.
WARNING: [Route 35-198] Port "dBus_rsp_data[13]" does not have an associated HD.PARTPIN_LOCS, which will prevent the partial routing of the signal "dBus_rsp_data[13]". Without this partial route, timing analysis to/from this port will not be accurate, and no routing information for this port can be exported.
WARNING: [Route 35-198] Port "dBus_rsp_data[28]" does not have an associated HD.PARTPIN_LOCS, which will prevent the partial routing of the signal "dBus_rsp_data[28]". Without this partial route, timing analysis to/from this port will not be accurate, and no routing information for this port can be exported.
WARNING: [Route 35-198] Port "dBus_rsp_data[29]" does not have an associated HD.PARTPIN_LOCS, which will prevent the partial routing of the signal "dBus_rsp_data[29]". Without this partial route, timing analysis to/from this port will not be accurate, and no routing information for this port can be exported.
WARNING: [Route 35-198] Port "dBus_rsp_data[5]" does not have an associated HD.PARTPIN_LOCS, which will prevent the partial routing of the signal "dBus_rsp_data[5]". Without this partial route, timing analysis to/from this port will not be accurate, and no routing information for this port can be exported.
WARNING: [Route 35-198] Port "dBus_rsp_data[11]" does not have an associated HD.PARTPIN_LOCS, which will prevent the partial routing of the signal "dBus_rsp_data[11]". Without this partial route, timing analysis to/from this port will not be accurate, and no routing information for this port can be exported.
WARNING: [Route 35-198] Port "dBus_rsp_data[19]" does not have an associated HD.PARTPIN_LOCS, which will prevent the partial routing of the signal "dBus_rsp_data[19]". Without this partial route, timing analysis to/from this port will not be accurate, and no routing information for this port can be exported.
WARNING: [Route 35-198] Port "dBus_rsp_data[3]" does not have an associated HD.PARTPIN_LOCS, which will prevent the partial routing of the signal "dBus_rsp_data[3]". Without this partial route, timing analysis to/from this port will not be accurate, and no routing information for this port can be exported.
WARNING: [Route 35-198] Port "dBus_rsp_data[17]" does not have an associated HD.PARTPIN_LOCS, which will prevent the partial routing of the signal "dBus_rsp_data[17]". Without this partial route, timing analysis to/from this port will not be accurate, and no routing information for this port can be exported.
WARNING: [Route 35-198] Port "dBus_rsp_data[1]" does not have an associated HD.PARTPIN_LOCS, which will prevent the partial routing of the signal "dBus_rsp_data[1]". Without this partial route, timing analysis to/from this port will not be accurate, and no routing information for this port can be exported.
WARNING: [Route 35-198] Port "dBus_rsp_data[27]" does not have an associated HD.PARTPIN_LOCS, which will prevent the partial routing of the signal "dBus_rsp_data[27]". Without this partial route, timing analysis to/from this port will not be accurate, and no routing information for this port can be exported.
WARNING: [Route 35-198] Port "dBus_rsp_data[10]" does not have an associated HD.PARTPIN_LOCS, which will prevent the partial routing of the signal "dBus_rsp_data[10]". Without this partial route, timing analysis to/from this port will not be accurate, and no routing information for this port can be exported.
WARNING: [Route 35-198] Port "dBus_rsp_data[18]" does not have an associated HD.PARTPIN_LOCS, which will prevent the partial routing of the signal "dBus_rsp_data[18]". Without this partial route, timing analysis to/from this port will not be accurate, and no routing information for this port can be exported.
WARNING: [Route 35-198] Port "dBus_rsp_data[2]" does not have an associated HD.PARTPIN_LOCS, which will prevent the partial routing of the signal "dBus_rsp_data[2]". Without this partial route, timing analysis to/from this port will not be accurate, and no routing information for this port can be exported.
WARNING: [Route 35-198] Port "dBus_rsp_data[15]" does not have an associated HD.PARTPIN_LOCS, which will prevent the partial routing of the signal "dBus_rsp_data[15]". Without this partial route, timing analysis to/from this port will not be accurate, and no routing information for this port can be exported.
WARNING: [Route 35-198] Port "dBus_rsp_data[23]" does not have an associated HD.PARTPIN_LOCS, which will prevent the partial routing of the signal "dBus_rsp_data[23]". Without this partial route, timing analysis to/from this port will not be accurate, and no routing information for this port can be exported.
WARNING: [Route 35-198] Port "dBus_rsp_data[31]" does not have an associated HD.PARTPIN_LOCS, which will prevent the partial routing of the signal "dBus_rsp_data[31]". Without this partial route, timing analysis to/from this port will not be accurate, and no routing information for this port can be exported.
WARNING: [Route 35-198] Port "dBus_rsp_data[7]" does not have an associated HD.PARTPIN_LOCS, which will prevent the partial routing of the signal "dBus_rsp_data[7]". Without this partial route, timing analysis to/from this port will not be accurate, and no routing information for this port can be exported.
WARNING: [Route 35-198] Port "dBus_rsp_data[30]" does not have an associated HD.PARTPIN_LOCS, which will prevent the partial routing of the signal "dBus_rsp_data[30]". Without this partial route, timing analysis to/from this port will not be accurate, and no routing information for this port can be exported.
WARNING: [Route 35-198] Port "reset" does not have an associated HD.PARTPIN_LOCS, which will prevent the partial routing of the signal "reset". Without this partial route, timing analysis to/from this port will not be accurate, and no routing information for this port can be exported.
WARNING: [Route 35-198] Port "dBus_rsp_data[25]" does not have an associated HD.PARTPIN_LOCS, which will prevent the partial routing of the signal "dBus_rsp_data[25]". Without this partial route, timing analysis to/from this port will not be accurate, and no routing information for this port can be exported.
WARNING: [Route 35-198] Port "dBus_rsp_data[8]" does not have an associated HD.PARTPIN_LOCS, which will prevent the partial routing of the signal "dBus_rsp_data[8]". Without this partial route, timing analysis to/from this port will not be accurate, and no routing information for this port can be exported.
WARNING: [Route 35-198] Port "dBus_rsp_data[9]" does not have an associated HD.PARTPIN_LOCS, which will prevent the partial routing of the signal "dBus_rsp_data[9]". Without this partial route, timing analysis to/from this port will not be accurate, and no routing information for this port can be exported.
WARNING: [Route 35-198] Port "dBus_rsp_data[0]" does not have an associated HD.PARTPIN_LOCS, which will prevent the partial routing of the signal "dBus_rsp_data[0]". Without this partial route, timing analysis to/from this port will not be accurate, and no routing information for this port can be exported.
WARNING: [Route 35-198] Port "dBus_rsp_data[16]" does not have an associated HD.PARTPIN_LOCS, which will prevent the partial routing of the signal "dBus_rsp_data[16]". Without this partial route, timing analysis to/from this port will not be accurate, and no routing information for this port can be exported.
WARNING: [Route 35-198] Port "dBus_rsp_data[24]" does not have an associated HD.PARTPIN_LOCS, which will prevent the partial routing of the signal "dBus_rsp_data[24]". Without this partial route, timing analysis to/from this port will not be accurate, and no routing information for this port can be exported.
WARNING: [Route 35-198] Port "iBus_rsp_payload_inst[16]" does not have an associated HD.PARTPIN_LOCS, which will prevent the partial routing of the signal "iBus_rsp_payload_inst[16]". Without this partial route, timing analysis to/from this port will not be accurate, and no routing information for this port can be exported.
WARNING: [Route 35-198] Port "iBus_rsp_payload_inst[15]" does not have an associated HD.PARTPIN_LOCS, which will prevent the partial routing of the signal "iBus_rsp_payload_inst[15]". Without this partial route, timing analysis to/from this port will not be accurate, and no routing information for this port can be exported.
WARNING: [Route 35-198] Port "iBus_rsp_payload_inst[18]" does not have an associated HD.PARTPIN_LOCS, which will prevent the partial routing of the signal "iBus_rsp_payload_inst[18]". Without this partial route, timing analysis to/from this port will not be accurate, and no routing information for this port can be exported.
WARNING: [Route 35-198] Port "iBus_rsp_payload_inst[17]" does not have an associated HD.PARTPIN_LOCS, which will prevent the partial routing of the signal "iBus_rsp_payload_inst[17]". Without this partial route, timing analysis to/from this port will not be accurate, and no routing information for this port can be exported.
WARNING: [Route 35-198] Port "iBus_rsp_payload_inst[24]" does not have an associated HD.PARTPIN_LOCS, which will prevent the partial routing of the signal "iBus_rsp_payload_inst[24]". Without this partial route, timing analysis to/from this port will not be accurate, and no routing information for this port can be exported.
WARNING: [Route 35-198] Port "iBus_rsp_payload_inst[23]" does not have an associated HD.PARTPIN_LOCS, which will prevent the partial routing of the signal "iBus_rsp_payload_inst[23]". Without this partial route, timing analysis to/from this port will not be accurate, and no routing information for this port can be exported.
WARNING: [Route 35-198] Port "iBus_rsp_payload_inst[21]" does not have an associated HD.PARTPIN_LOCS, which will prevent the partial routing of the signal "iBus_rsp_payload_inst[21]". Without this partial route, timing analysis to/from this port will not be accurate, and no routing information for this port can be exported.
WARNING: [Route 35-198] Port "iBus_rsp_payload_inst[22]" does not have an associated HD.PARTPIN_LOCS, which will prevent the partial routing of the signal "iBus_rsp_payload_inst[22]". Without this partial route, timing analysis to/from this port will not be accurate, and no routing information for this port can be exported.
WARNING: [Route 35-198] Port "iBus_rsp_payload_inst[19]" does not have an associated HD.PARTPIN_LOCS, which will prevent the partial routing of the signal "iBus_rsp_payload_inst[19]". Without this partial route, timing analysis to/from this port will not be accurate, and no routing information for this port can be exported.
WARNING: [Route 35-198] Port "iBus_rsp_payload_inst[20]" does not have an associated HD.PARTPIN_LOCS, which will prevent the partial routing of the signal "iBus_rsp_payload_inst[20]". Without this partial route, timing analysis to/from this port will not be accurate, and no routing information for this port can be exported.
WARNING: [Route 35-198] Port "iBus_rsp_payload_inst[5]" does not have an associated HD.PARTPIN_LOCS, which will prevent the partial routing of the signal "iBus_rsp_payload_inst[5]". Without this partial route, timing analysis to/from this port will not be accurate, and no routing information for this port can be exported.
WARNING: [Route 35-198] Port "iBus_rsp_payload_inst[6]" does not have an associated HD.PARTPIN_LOCS, which will prevent the partial routing of the signal "iBus_rsp_payload_inst[6]". Without this partial route, timing analysis to/from this port will not be accurate, and no routing information for this port can be exported.
WARNING: [Route 35-198] Port "dBus_cmd_ready" does not have an associated HD.PARTPIN_LOCS, which will prevent the partial routing of the signal "dBus_cmd_ready". Without this partial route, timing analysis to/from this port will not be accurate, and no routing information for this port can be exported.
WARNING: [Route 35-198] Port "dBus_rsp_ready" does not have an associated HD.PARTPIN_LOCS, which will prevent the partial routing of the signal "dBus_rsp_ready". Without this partial route, timing analysis to/from this port will not be accurate, and no routing information for this port can be exported.
WARNING: [Route 35-198] Port "softwareInterrupt" does not have an associated HD.PARTPIN_LOCS, which will prevent the partial routing of the signal "softwareInterrupt". Without this partial route, timing analysis to/from this port will not be accurate, and no routing information for this port can be exported.
WARNING: [Route 35-198] Port "timerInterrupt" does not have an associated HD.PARTPIN_LOCS, which will prevent the partial routing of the signal "timerInterrupt". Without this partial route, timing analysis to/from this port will not be accurate, and no routing information for this port can be exported.
WARNING: [Route 35-198] Port "iBus_rsp_payload_inst[14]" does not have an associated HD.PARTPIN_LOCS, which will prevent the partial routing of the signal "iBus_rsp_payload_inst[14]". Without this partial route, timing analysis to/from this port will not be accurate, and no routing information for this port can be exported.
WARNING: [Route 35-198] Port "iBus_rsp_payload_inst[2]" does not have an associated HD.PARTPIN_LOCS, which will prevent the partial routing of the signal "iBus_rsp_payload_inst[2]". Without this partial route, timing analysis to/from this port will not be accurate, and no routing information for this port can be exported.
WARNING: [Route 35-198] Port "iBus_rsp_payload_inst[3]" does not have an associated HD.PARTPIN_LOCS, which will prevent the partial routing of the signal "iBus_rsp_payload_inst[3]". Without this partial route, timing analysis to/from this port will not be accurate, and no routing information for this port can be exported.
WARNING: [Route 35-198] Port "iBus_rsp_payload_inst[4]" does not have an associated HD.PARTPIN_LOCS, which will prevent the partial routing of the signal "iBus_rsp_payload_inst[4]". Without this partial route, timing analysis to/from this port will not be accurate, and no routing information for this port can be exported.
WARNING: [Route 35-198] Port "iBus_rsp_payload_inst[31]" does not have an associated HD.PARTPIN_LOCS, which will prevent the partial routing of the signal "iBus_rsp_payload_inst[31]". Without this partial route, timing analysis to/from this port will not be accurate, and no routing information for this port can be exported.
WARNING: [Route 35-198] Port "iBus_rsp_payload_inst[10]" does not have an associated HD.PARTPIN_LOCS, which will prevent the partial routing of the signal "iBus_rsp_payload_inst[10]". Without this partial route, timing analysis to/from this port will not be accurate, and no routing information for this port can be exported.
WARNING: [Route 35-198] Port "iBus_rsp_payload_inst[9]" does not have an associated HD.PARTPIN_LOCS, which will prevent the partial routing of the signal "iBus_rsp_payload_inst[9]". Without this partial route, timing analysis to/from this port will not be accurate, and no routing information for this port can be exported.
WARNING: [Route 35-198] Port "iBus_rsp_payload_inst[11]" does not have an associated HD.PARTPIN_LOCS, which will prevent the partial routing of the signal "iBus_rsp_payload_inst[11]". Without this partial route, timing analysis to/from this port will not be accurate, and no routing information for this port can be exported.
WARNING: [Route 35-198] Port "iBus_rsp_payload_inst[12]" does not have an associated HD.PARTPIN_LOCS, which will prevent the partial routing of the signal "iBus_rsp_payload_inst[12]". Without this partial route, timing analysis to/from this port will not be accurate, and no routing information for this port can be exported.
WARNING: [Route 35-198] Port "externalInterrupt" does not have an associated HD.PARTPIN_LOCS, which will prevent the partial routing of the signal "externalInterrupt". Without this partial route, timing analysis to/from this port will not be accurate, and no routing information for this port can be exported.
WARNING: [Route 35-198] Port "iBus_rsp_payload_inst[13]" does not have an associated HD.PARTPIN_LOCS, which will prevent the partial routing of the signal "iBus_rsp_payload_inst[13]". Without this partial route, timing analysis to/from this port will not be accurate, and no routing information for this port can be exported.
WARNING: [Route 35-198] Port "iBus_rsp_payload_inst[7]" does not have an associated HD.PARTPIN_LOCS, which will prevent the partial routing of the signal "iBus_rsp_payload_inst[7]". Without this partial route, timing analysis to/from this port will not be accurate, and no routing information for this port can be exported.
WARNING: [Route 35-198] Port "iBus_rsp_payload_inst[8]" does not have an associated HD.PARTPIN_LOCS, which will prevent the partial routing of the signal "iBus_rsp_payload_inst[8]". Without this partial route, timing analysis to/from this port will not be accurate, and no routing information for this port can be exported.
WARNING: [Route 35-198] Port "iBus_rsp_valid" does not have an associated HD.PARTPIN_LOCS, which will prevent the partial routing of the signal "iBus_rsp_valid". Without this partial route, timing analysis to/from this port will not be accurate, and no routing information for this port can be exported.
WARNING: [Route 35-198] Port "iBus_rsp_payload_inst[27]" does not have an associated HD.PARTPIN_LOCS, which will prevent the partial routing of the signal "iBus_rsp_payload_inst[27]". Without this partial route, timing analysis to/from this port will not be accurate, and no routing information for this port can be exported.
WARNING: [Route 35-198] Port "iBus_rsp_payload_inst[28]" does not have an associated HD.PARTPIN_LOCS, which will prevent the partial routing of the signal "iBus_rsp_payload_inst[28]". Without this partial route, timing analysis to/from this port will not be accurate, and no routing information for this port can be exported.
WARNING: [Route 35-198] Port "iBus_rsp_payload_inst[25]" does not have an associated HD.PARTPIN_LOCS, which will prevent the partial routing of the signal "iBus_rsp_payload_inst[25]". Without this partial route, timing analysis to/from this port will not be accurate, and no routing information for this port can be exported.
WARNING: [Route 35-198] Port "iBus_rsp_payload_inst[26]" does not have an associated HD.PARTPIN_LOCS, which will prevent the partial routing of the signal "iBus_rsp_payload_inst[26]". Without this partial route, timing analysis to/from this port will not be accurate, and no routing information for this port can be exported.
WARNING: [Route 35-198] Port "iBus_rsp_payload_inst[29]" does not have an associated HD.PARTPIN_LOCS, which will prevent the partial routing of the signal "iBus_rsp_payload_inst[29]". Without this partial route, timing analysis to/from this port will not be accurate, and no routing information for this port can be exported.
WARNING: [Route 35-198] Port "iBus_rsp_payload_inst[30]" does not have an associated HD.PARTPIN_LOCS, which will prevent the partial routing of the signal "iBus_rsp_payload_inst[30]". Without this partial route, timing analysis to/from this port will not be accurate, and no routing information for this port can be exported.
WARNING: [Route 35-198] Port "iBus_cmd_ready" does not have an associated HD.PARTPIN_LOCS, which will prevent the partial routing of the signal "iBus_cmd_ready". Without this partial route, timing analysis to/from this port will not be accurate, and no routing information for this port can be exported.
Post Restoration Checksum: NetGraph: e13d19c NumContArr: 9e4d869 Constraints: 0 Timing: 0
Phase 1 Build RT Design | Checksum: 17f8aa05

Time (s): cpu = 00:00:30 ; elapsed = 00:00:32 . Memory (MB): peak = 1980.203 ; gain = 0.000

Phase 2 Router Initialization

Phase 2.1 Fix Topology Constraints
Phase 2.1 Fix Topology Constraints | Checksum: 17f8aa05

Time (s): cpu = 00:00:30 ; elapsed = 00:00:32 . Memory (MB): peak = 1980.203 ; gain = 0.000

Phase 2.2 Pre Route Cleanup
Phase 2.2 Pre Route Cleanup | Checksum: 17f8aa05

Time (s): cpu = 00:00:30 ; elapsed = 00:00:32 . Memory (MB): peak = 1980.203 ; gain = 0.000
 Number of Nodes with overlaps = 0

Phase 2.3 Update Timing
Phase 2.3 Update Timing | Checksum: 1f01da0e3

Time (s): cpu = 00:00:31 ; elapsed = 00:00:32 . Memory (MB): peak = 1980.203 ; gain = 0.000
INFO: [Route 35-416] Intermediate Timing Summary | WNS=0.811  | TNS=0.000  | WHS=0.092  | THS=0.000  |


Router Utilization Summary
  Global Vertical Routing Utilization    = 0 %
  Global Horizontal Routing Utilization  = 0 %
  Routable Net Status*
  *Does not include unroutable nets such as driverless and loadless.
  Run report_route_status for detailed report.
  Number of Failed Nets               = 1291
    (Failed Nets is the sum of unrouted and partially routed nets)
  Number of Unrouted Nets             = 1291
  Number of Partially Routed Nets     = 0
  Number of Node Overlaps             = 0

Phase 2 Router Initialization | Checksum: 22d6e9c0f

Time (s): cpu = 00:00:32 ; elapsed = 00:00:33 . Memory (MB): peak = 1980.203 ; gain = 0.000

Phase 3 Initial Routing

Phase 3.1 Global Routing
Phase 3.1 Global Routing | Checksum: 22d6e9c0f

Time (s): cpu = 00:00:32 ; elapsed = 00:00:33 . Memory (MB): peak = 1980.203 ; gain = 0.000
Phase 3 Initial Routing | Checksum: 13c5b17df

Time (s): cpu = 00:00:32 ; elapsed = 00:00:33 . Memory (MB): peak = 1980.203 ; gain = 0.000

Phase 4 Rip-up And Reroute

Phase 4.1 Global Iteration 0
 Number of Nodes with overlaps = 433
 Number of Nodes with overlaps = 135
 Number of Nodes with overlaps = 54
 Number of Nodes with overlaps = 37
 Number of Nodes with overlaps = 15
 Number of Nodes with overlaps = 10
 Number of Nodes with overlaps = 5
 Number of Nodes with overlaps = 1
 Number of Nodes with overlaps = 1
 Number of Nodes with overlaps = 1
 Number of Nodes with overlaps = 0
INFO: [Route 35-416] Intermediate Timing Summary | WNS=0.528  | TNS=0.000  | WHS=N/A    | THS=N/A    |

Phase 4.1 Global Iteration 0 | Checksum: 1ca5cef47

Time (s): cpu = 00:00:37 ; elapsed = 00:00:37 . Memory (MB): peak = 1980.203 ; gain = 0.000
Phase 4 Rip-up And Reroute | Checksum: 1ca5cef47

Time (s): cpu = 00:00:37 ; elapsed = 00:00:37 . Memory (MB): peak = 1980.203 ; gain = 0.000

Phase 5 Delay and Skew Optimization

Phase 5.1 Delay CleanUp
Phase 5.1 Delay CleanUp | Checksum: 1ca5cef47

Time (s): cpu = 00:00:37 ; elapsed = 00:00:37 . Memory (MB): peak = 1980.203 ; gain = 0.000

Phase 5.2 Clock Skew Optimization
Phase 5.2 Clock Skew Optimization | Checksum: 1ca5cef47

Time (s): cpu = 00:00:37 ; elapsed = 00:00:37 . Memory (MB): peak = 1980.203 ; gain = 0.000
Phase 5 Delay and Skew Optimization | Checksum: 1ca5cef47

Time (s): cpu = 00:00:37 ; elapsed = 00:00:37 . Memory (MB): peak = 1980.203 ; gain = 0.000

Phase 6 Post Hold Fix

Phase 6.1 Hold Fix Iter

Phase 6.1.1 Update Timing
Phase 6.1.1 Update Timing | Checksum: 184b7ff2f

Time (s): cpu = 00:00:37 ; elapsed = 00:00:37 . Memory (MB): peak = 1980.203 ; gain = 0.000
INFO: [Route 35-416] Intermediate Timing Summary | WNS=0.528  | TNS=0.000  | WHS=0.130  | THS=0.000  |

Phase 6.1 Hold Fix Iter | Checksum: 184b7ff2f

Time (s): cpu = 00:00:37 ; elapsed = 00:00:37 . Memory (MB): peak = 1980.203 ; gain = 0.000
Phase 6 Post Hold Fix | Checksum: 184b7ff2f

Time (s): cpu = 00:00:37 ; elapsed = 00:00:37 . Memory (MB): peak = 1980.203 ; gain = 0.000

Phase 7 Route finalize

Router Utilization Summary
  Global Vertical Routing Utilization    = 0.263281 %
  Global Horizontal Routing Utilization  = 0.355561 %
  Routable Net Status*
  *Does not include unroutable nets such as driverless and loadless.
  Run report_route_status for detailed report.
  Number of Failed Nets               = 0
    (Failed Nets is the sum of unrouted and partially routed nets)
  Number of Unrouted Nets             = 0
  Number of Partially Routed Nets     = 0
  Number of Node Overlaps             = 0

Phase 7 Route finalize | Checksum: 2573ea85b

Time (s): cpu = 00:00:37 ; elapsed = 00:00:37 . Memory (MB): peak = 1980.203 ; gain = 0.000

Phase 8 Verifying routed nets

 Verification completed successfully
Phase 8 Verifying routed nets | Checksum: 2573ea85b

Time (s): cpu = 00:00:37 ; elapsed = 00:00:37 . Memory (MB): peak = 1980.203 ; gain = 0.000

Phase 9 Depositing Routes
Phase 9 Depositing Routes | Checksum: 19ccb87a1

Time (s): cpu = 00:00:37 ; elapsed = 00:00:38 . Memory (MB): peak = 1980.203 ; gain = 0.000

Phase 10 Post Router Timing
INFO: [Route 35-57] Estimated Timing Summary | WNS=0.528  | TNS=0.000  | WHS=0.130  | THS=0.000  |

INFO: [Route 35-327] The final timing numbers are based on the router estimated timing analysis. For a complete and accurate timing signoff, please run report_timing_summary.
Phase 10 Post Router Timing | Checksum: 19ccb87a1

Time (s): cpu = 00:00:37 ; elapsed = 00:00:38 . Memory (MB): peak = 1980.203 ; gain = 0.000
INFO: [Route 35-16] Router Completed Successfully

Time (s): cpu = 00:00:37 ; elapsed = 00:00:38 . Memory (MB): peak = 1980.203 ; gain = 0.000

Routing Is Done.
INFO: [Common 17-83] Releasing license: Implementation
12 Infos, 71 Warnings, 0 Critical Warnings and 0 Errors encountered.
route_design completed successfully
route_design: Time (s): cpu = 00:00:39 ; elapsed = 00:00:38 . Memory (MB): peak = 1980.203 ; gain = 0.000
INFO: [Common 17-600] The following parameters have non-default value.
general.maxThreads
# report_utilization -file ${OUTDIR}/vexriscv_utilization.rpt
# report_power       -file ${OUTDIR}/vexriscv_power.rpt
Command: report_power -file {\\wsl.localhost\Ubuntu\home\chiawei\SiliconAwards\vivado_reports/vexriscv_power.rpt}
Running Vector-less Activity Propagation...
WARNING: [Timing 38-242] The property HD.CLK_SRC of clock port "clk" is not set. In out-of-context mode, this prevents timing estimation for clock delay/skew
Resolution: Set the HD.CLK_SRC property of the out-of-context port to the location of the clock buffer instance in the top-level design

Finished Running Vector-less Activity Propagation
0 Infos, 1 Warnings, 0 Critical Warnings and 0 Errors encountered.
report_power completed successfully
# report_timing_summary -file ${OUTDIR}/vexriscv_timing.rpt -no_header -warn_on_violation
INFO: [Timing 38-91] UpdateTimingParams: Speed grade: -1, Delay Type: min_max.
INFO: [Timing 38-191] Multithreading enabled for timing update using a maximum of 4 CPUs
# report_utilization
Copyright 1986-2022 Xilinx, Inc. All Rights Reserved.
------------------------------------------------------------------------------------
| Tool Version : Vivado v.2022.2 (win64) Build 3671981 Fri Oct 14 05:00:03 MDT 2022
| Date         : Wed Apr  1 14:29:02 2026
| Host         : WangChiaWei running 64-bit major release  (build 9200)
| Command      : report_utilization
| Design       : VexRiscv
| Device       : xc7z020clg400-1
| Speed File   : -1
| Design State : Routed
------------------------------------------------------------------------------------

Utilization Design Information

Table of Contents
-----------------
1. Slice Logic
1.1 Summary of Registers by Type
2. Slice Logic Distribution
3. Memory
4. DSP
5. IO and GT Specific
6. Clocking
7. Specific Feature
8. Primitives
9. Black Boxes
10. Instantiated Netlists

1. Slice Logic
--------------

+-------------------------+------+-------+------------+-----------+-------+
|        Site Type        | Used | Fixed | Prohibited | Available | Util% |
+-------------------------+------+-------+------------+-----------+-------+
| Slice LUTs              |  764 |     0 |          0 |     53200 |  1.44 |
|   LUT as Logic          |  764 |     0 |          0 |     53200 |  1.44 |
|   LUT as Memory         |    0 |     0 |          0 |     17400 |  0.00 |
| Slice Registers         |  561 |     0 |          0 |    106400 |  0.53 |
|   Register as Flip Flop |  561 |     0 |          0 |    106400 |  0.53 |
|   Register as Latch     |    0 |     0 |          0 |    106400 |  0.00 |
| F7 Muxes                |    3 |     0 |          0 |     26600 |  0.01 |
| F8 Muxes                |    0 |     0 |          0 |     13300 |  0.00 |
+-------------------------+------+-------+------------+-----------+-------+
* Warning! LUT value is adjusted to account for LUT combining.


1.1 Summary of Registers by Type
--------------------------------

+-------+--------------+-------------+--------------+
| Total | Clock Enable | Synchronous | Asynchronous |
+-------+--------------+-------------+--------------+
| 0     |            _ |           - |            - |
| 0     |            _ |           - |          Set |
| 0     |            _ |           - |        Reset |
| 0     |            _ |         Set |            - |
| 0     |            _ |       Reset |            - |
| 0     |          Yes |           - |            - |
| 3     |          Yes |           - |          Set |
| 54    |          Yes |           - |        Reset |
| 0     |          Yes |         Set |            - |
| 504   |          Yes |       Reset |            - |
+-------+--------------+-------------+--------------+


2. Slice Logic Distribution
---------------------------

+--------------------------------------------+------+-------+------------+-----------+-------+
|                  Site Type                 | Used | Fixed | Prohibited | Available | Util% |
+--------------------------------------------+------+-------+------------+-----------+-------+
| Slice                                      |  253 |     0 |          0 |     13300 |  1.90 |
|   SLICEL                                   |  167 |     0 |            |           |       |
|   SLICEM                                   |   86 |     0 |            |           |       |
| LUT as Logic                               |  764 |     0 |          0 |     53200 |  1.44 |
|   using O5 output only                     |    0 |       |            |           |       |
|   using O6 output only                     |  666 |       |            |           |       |
|   using O5 and O6                          |   98 |       |            |           |       |
| LUT as Memory                              |    0 |     0 |          0 |     17400 |  0.00 |
|   LUT as Distributed RAM                   |    0 |     0 |            |           |       |
|   LUT as Shift Register                    |    0 |     0 |            |           |       |
| Slice Registers                            |  561 |     0 |          0 |    106400 |  0.53 |
|   Register driven from within the Slice    |  223 |       |            |           |       |
|   Register driven from outside the Slice   |  338 |       |            |           |       |
|     LUT in front of the register is unused |   99 |       |            |           |       |
|     LUT in front of the register is used   |  239 |       |            |           |       |
| Unique Control Sets                        |   10 |       |          0 |     13300 |  0.08 |
+--------------------------------------------+------+-------+------------+-----------+-------+
* * Note: Available Control Sets calculated as Slice * 1, Review the Control Sets Report for more information regarding control sets.


3. Memory
---------

+-------------------+------+-------+------------+-----------+-------+
|     Site Type     | Used | Fixed | Prohibited | Available | Util% |
+-------------------+------+-------+------------+-----------+-------+
| Block RAM Tile    |  1.5 |     0 |          0 |       140 |  1.07 |
|   RAMB36/FIFO*    |    0 |     0 |          0 |       140 |  0.00 |
|   RAMB18          |    3 |     0 |          0 |       280 |  1.07 |
|     RAMB18E1 only |    3 |       |            |           |       |
+-------------------+------+-------+------------+-----------+-------+
* Note: Each Block RAM Tile only has one FIFO logic available and therefore can accommodate only one FIFO36E1 or one FIFO18E1. However, if a FIFO18E1 occupies a Block RAM Tile, that tile can still accommodate a RAMB18E1


4. DSP
------

+-----------+------+-------+------------+-----------+-------+
| Site Type | Used | Fixed | Prohibited | Available | Util% |
+-----------+------+-------+------------+-----------+-------+
| DSPs      |    0 |     0 |          0 |       220 |  0.00 |
+-----------+------+-------+------------+-----------+-------+


5. IO and GT Specific
---------------------

+-----------------------------+------+-------+------------+-----------+-------+
|          Site Type          | Used | Fixed | Prohibited | Available | Util% |
+-----------------------------+------+-------+------------+-----------+-------+
| Bonded IOB                  |    0 |     0 |          0 |       125 |  0.00 |
| Bonded IPADs                |    0 |     0 |          0 |         2 |  0.00 |
| Bonded IOPADs               |    0 |     0 |          0 |       130 |  0.00 |
| PHY_CONTROL                 |    0 |     0 |          0 |         4 |  0.00 |
| PHASER_REF                  |    0 |     0 |          0 |         4 |  0.00 |
| OUT_FIFO                    |    0 |     0 |          0 |        16 |  0.00 |
| IN_FIFO                     |    0 |     0 |          0 |        16 |  0.00 |
| IDELAYCTRL                  |    0 |     0 |          0 |         4 |  0.00 |
| IBUFDS                      |    0 |     0 |          0 |       121 |  0.00 |
| PHASER_OUT/PHASER_OUT_PHY   |    0 |     0 |          0 |        16 |  0.00 |
| PHASER_IN/PHASER_IN_PHY     |    0 |     0 |          0 |        16 |  0.00 |
| IDELAYE2/IDELAYE2_FINEDELAY |    0 |     0 |          0 |       200 |  0.00 |
| ILOGIC                      |    0 |     0 |          0 |       125 |  0.00 |
| OLOGIC                      |    0 |     0 |          0 |       125 |  0.00 |
+-----------------------------+------+-------+------------+-----------+-------+


6. Clocking
-----------

+------------+------+-------+------------+-----------+-------+
|  Site Type | Used | Fixed | Prohibited | Available | Util% |
+------------+------+-------+------------+-----------+-------+
| BUFGCTRL   |    0 |     0 |          0 |        32 |  0.00 |
| BUFIO      |    0 |     0 |          0 |        16 |  0.00 |
| MMCME2_ADV |    0 |     0 |          0 |         4 |  0.00 |
| PLLE2_ADV  |    0 |     0 |          0 |         4 |  0.00 |
| BUFMRCE    |    0 |     0 |          0 |         8 |  0.00 |
| BUFHCE     |    0 |     0 |          0 |        72 |  0.00 |
| BUFR       |    0 |     0 |          0 |        16 |  0.00 |
+------------+------+-------+------------+-----------+-------+


7. Specific Feature
-------------------

+-------------+------+-------+------------+-----------+-------+
|  Site Type  | Used | Fixed | Prohibited | Available | Util% |
+-------------+------+-------+------------+-----------+-------+
| BSCANE2     |    0 |     0 |          0 |         4 |  0.00 |
| CAPTUREE2   |    0 |     0 |          0 |         1 |  0.00 |
| DNA_PORT    |    0 |     0 |          0 |         1 |  0.00 |
| EFUSE_USR   |    0 |     0 |          0 |         1 |  0.00 |
| FRAME_ECCE2 |    0 |     0 |          0 |         1 |  0.00 |
| ICAPE2      |    0 |     0 |          0 |         2 |  0.00 |
| STARTUPE2   |    0 |     0 |          0 |         1 |  0.00 |
| XADC        |    0 |     0 |          0 |         1 |  0.00 |
+-------------+------+-------+------------+-----------+-------+


8. Primitives
-------------

+----------+------+---------------------+
| Ref Name | Used | Functional Category |
+----------+------+---------------------+
| FDRE     |  504 |        Flop & Latch |
| LUT6     |  376 |                 LUT |
| LUT5     |  197 |                 LUT |
| LUT4     |  144 |                 LUT |
| LUT3     |   76 |                 LUT |
| LUT2     |   67 |                 LUT |
| FDCE     |   54 |        Flop & Latch |
| CARRY4   |   36 |          CarryLogic |
| RAMB18E1 |    3 |        Block Memory |
| MUXF7    |    3 |               MuxFx |
| FDPE     |    3 |        Flop & Latch |
| LUT1     |    2 |                 LUT |
+----------+------+---------------------+


9. Black Boxes
--------------

+----------+------+
| Ref Name | Used |
+----------+------+


10. Instantiated Netlists
-------------------------

+----------+------+
| Ref Name | Used |
+----------+------+


# report_power
Command: report_power
Running Vector-less Activity Propagation...

Finished Running Vector-less Activity Propagation
Copyright 1986-2022 Xilinx, Inc. All Rights Reserved.
----------------------------------------------------------------------------------------
| Tool Version     : Vivado v.2022.2 (win64) Build 3671981 Fri Oct 14 05:00:03 MDT 2022
| Date             : Wed Apr  1 14:29:02 2026
| Host             : WangChiaWei running 64-bit major release  (build 9200)
| Command          : report_power
| Design           : VexRiscv
| Device           : xc7z020clg400-1
| Design State     : routed
| Grade            : commercial
| Process          : typical
| Characterization : Production
----------------------------------------------------------------------------------------

Power Report

Table of Contents
-----------------
1. Summary
1.1 On-Chip Components
1.2 Power Supply Summary
1.3 Confidence Level
2. Settings
2.1 Environment
2.2 Clock Constraints
3. Detailed Reports
3.1 By Hierarchy

1. Summary
----------

+--------------------------+--------------+
| Total On-Chip Power (W)  | 0.133        |
| Design Power Budget (W)  | Unspecified* |
| Power Budget Margin (W)  | NA           |
| Dynamic (W)              | 0.030        |
| Device Static (W)        | 0.103        |
| Effective TJA (C/W)      | 11.5         |
| Max Ambient (C)          | 83.5         |
| Junction Temperature (C) | 26.5         |
| Confidence Level         | Medium       |
| Setting File             | ---          |
| Simulation Activity File | ---          |
| Design Nets Matched      | NA           |
+--------------------------+--------------+
* Specify Design Power Budget using, set_operating_conditions -design_power_budget <value in Watts>


1.1 On-Chip Components
----------------------

+----------------+-----------+----------+-----------+-----------------+
| On-Chip        | Power (W) | Used     | Available | Utilization (%) |
+----------------+-----------+----------+-----------+-----------------+
| Clocks         |     0.010 |        3 |       --- |             --- |
| Slice Logic    |     0.006 |     1466 |       --- |             --- |
|   LUT as Logic |     0.006 |      764 |     53200 |            1.44 |
|   Register     |    <0.001 |      561 |    106400 |            0.53 |
|   CARRY4       |    <0.001 |       36 |     13300 |            0.27 |
|   F7/F8 Muxes  |    <0.001 |        3 |     53200 |           <0.01 |
|   Others       |     0.000 |        4 |       --- |             --- |
| Signals        |     0.008 |     1291 |       --- |             --- |
| Block RAM      |     0.005 |      1.5 |       140 |            1.07 |
| Static Power   |     0.103 |          |           |                 |
| Total          |     0.133 |          |           |                 |
+----------------+-----------+----------+-----------+-----------------+


1.2 Power Supply Summary
------------------------

+-----------+-------------+-----------+-------------+------------+-------------+-------------+------------+
| Source    | Voltage (V) | Total (A) | Dynamic (A) | Static (A) | Powerup (A) | Budget (A)  | Margin (A) |
+-----------+-------------+-----------+-------------+------------+-------------+-------------+------------+
| Vccint    |       1.000 |     0.037 |       0.030 |      0.008 |       NA    | Unspecified | NA         |
| Vccaux    |       1.800 |     0.010 |       0.000 |      0.010 |       NA    | Unspecified | NA         |
| Vcco33    |       3.300 |     0.000 |       0.000 |      0.000 |       NA    | Unspecified | NA         |
| Vcco25    |       2.500 |     0.000 |       0.000 |      0.000 |       NA    | Unspecified | NA         |
| Vcco18    |       1.800 |     0.000 |       0.000 |      0.000 |       NA    | Unspecified | NA         |
| Vcco15    |       1.500 |     0.000 |       0.000 |      0.000 |       NA    | Unspecified | NA         |
| Vcco135   |       1.350 |     0.000 |       0.000 |      0.000 |       NA    | Unspecified | NA         |
| Vcco12    |       1.200 |     0.000 |       0.000 |      0.000 |       NA    | Unspecified | NA         |
| Vccaux_io |       1.800 |     0.000 |       0.000 |      0.000 |       NA    | Unspecified | NA         |
| Vccbram   |       1.000 |     0.001 |       0.000 |      0.000 |       NA    | Unspecified | NA         |
| MGTAVcc   |       1.000 |     0.000 |       0.000 |      0.000 |       NA    | Unspecified | NA         |
| MGTAVtt   |       1.200 |     0.000 |       0.000 |      0.000 |       NA    | Unspecified | NA         |
| MGTVccaux |       1.800 |     0.000 |       0.000 |      0.000 |       NA    | Unspecified | NA         |
| Vccpint   |       1.000 |     0.016 |       0.000 |      0.016 |       NA    | Unspecified | NA         |
| Vccpaux   |       1.800 |     0.010 |       0.000 |      0.010 |       NA    | Unspecified | NA         |
| Vccpll    |       1.800 |     0.003 |       0.000 |      0.003 |       NA    | Unspecified | NA         |
| Vcco_ddr  |       1.500 |     0.000 |       0.000 |      0.000 |       NA    | Unspecified | NA         |
| Vcco_mio0 |       1.800 |     0.000 |       0.000 |      0.000 |       NA    | Unspecified | NA         |
| Vcco_mio1 |       1.800 |     0.000 |       0.000 |      0.000 |       NA    | Unspecified | NA         |
| Vccadc    |       1.800 |     0.020 |       0.000 |      0.020 |       NA    | Unspecified | NA         |
+-----------+-------------+-----------+-------------+------------+-------------+-------------+------------+


1.3 Confidence Level
--------------------

+-----------------------------+------------+------------------------------------------------+------------------------------------------------------------------------------------------------------------+
| User Input Data             | Confidence | Details                                        | Action                                                                                                     |
+-----------------------------+------------+------------------------------------------------+------------------------------------------------------------------------------------------------------------+
| Design implementation state | High       | Design is routed                               |                                                                                                            |
| Clock nodes activity        | High       | User specified more than 95% of clocks         |                                                                                                            |
| I/O nodes activity          | High       | User specified more than 95% of inputs         |                                                                                                            |
| Internal nodes activity     | Medium     | User specified less than 25% of internal nodes | Provide missing internal nodes activity with simulation results or by editing the "By Resource Type" views |
| Device models               | High       | Device models are Production                   |                                                                                                            |
|                             |            |                                                |                                                                                                            |
| Overall confidence level    | Medium     |                                                |                                                                                                            |
+-----------------------------+------------+------------------------------------------------+------------------------------------------------------------------------------------------------------------+


2. Settings
-----------

2.1 Environment
---------------

+-----------------------+------------------------+
| Ambient Temp (C)      | 25.0                   |
| ThetaJA (C/W)         | 11.5                   |
| Airflow (LFM)         | 250                    |
| Heat Sink             | none                   |
| ThetaSA (C/W)         | 0.0                    |
| Board Selection       | medium (10"x10")       |
| # of Board Layers     | 8to11 (8 to 11 Layers) |
| Board Temperature (C) | 25.0                   |
+-----------------------+------------------------+


2.2 Clock Constraints
---------------------

+-------+--------+-----------------+
| Clock | Domain | Constraint (ns) |
+-------+--------+-----------------+
| clk   | clk    |             8.0 |
+-------+--------+-----------------+


3. Detailed Reports
-------------------

3.1 By Hierarchy
----------------

+----------------------------------------+-----------+
| Name                                   | Power (W) |
+----------------------------------------+-----------+
| VexRiscv                               |     0.030 |
|   IBusSimplePlugin_rspJoin_rspBuffer_c |     0.001 |
|     fifo                               |     0.001 |
+----------------------------------------+-----------+


0 Infos, 0 Warnings, 0 Critical Warnings and 0 Errors encountered.
report_power completed successfully
# puts "=== VexRiscv+BHT synthesis complete ==="
=== VexRiscv+BHT synthesis complete ===
INFO: [Common 17-206] Exiting Vivado at Wed Apr  1 14:29:02 2026...
