------------------------------------------------------------------------------------------------
| Timer Settings
| --------------
------------------------------------------------------------------------------------------------

  Enable Multi Corner Analysis               :  Yes
  Enable Pessimism Removal                   :  Yes
  Pessimism Removal Resolution               :  Nearest Common Node
  Enable Input Delay Default Clock           :  No
  Enable Preset / Clear Arcs                 :  No
  Disable Flight Delays                      :  No
  Ignore I/O Paths                           :  No
  Timing Early Launch at Borrowing Latches   :  No
  Borrow Time for Max Delay Exceptions       :  Yes
  Merge Timing Exceptions                    :  Yes

  Corner  Analyze    Analyze    
  Name    Max Paths  Min Paths  
  ------  ---------  ---------  
  Slow    Yes        Yes        
  Fast    Yes        Yes        


------------------------------------------------------------------------------------------------
| Report Methodology
| ------------------
------------------------------------------------------------------------------------------------

No report available as report_methodology has not been run prior. Run report_methodology on the current design for the summary of methodology violations.



check_timing report

Table of Contents
-----------------
1. checking no_clock (0)
2. checking constant_clock (0)
3. checking pulse_width_clock (0)
4. checking unconstrained_internal_endpoints (0)
5. checking no_input_delay (1)
6. checking no_output_delay (4)
7. checking multiple_clock (0)
8. checking generated_clocks (0)
9. checking loops (0)
10. checking partial_input_delay (0)
11. checking partial_output_delay (0)
12. checking latch_loops (0)

1. checking no_clock (0)
------------------------
 There are 0 register/latch pins with no clock.


2. checking constant_clock (0)
------------------------------
 There are 0 register/latch pins with constant_clock.


3. checking pulse_width_clock (0)
---------------------------------
 There are 0 register/latch pins which need pulse_width check


4. checking unconstrained_internal_endpoints (0)
------------------------------------------------
 There are 0 pins that are not constrained for maximum delay.

 There are 0 pins that are not constrained for maximum delay due to constant clock.


5. checking no_input_delay (1)
------------------------------
 There is 1 input port with no input delay specified. (HIGH)

 There are 0 input ports with no input delay but user has a false path constraint.


6. checking no_output_delay (4)
-------------------------------
 There are 4 ports with no output delay specified. (HIGH)

 There are 0 ports with no output delay but user has a false path constraint

 There are 0 ports with no output delay but with a timing clock defined on it or propagating through it


7. checking multiple_clock (0)
------------------------------
 There are 0 register/latch pins with multiple clocks.


8. checking generated_clocks (0)
--------------------------------
 There are 0 generated clocks that are not connected to a clock source.


9. checking loops (0)
---------------------
 There are 0 combinational loops in the design.


10. checking partial_input_delay (0)
------------------------------------
 There are 0 input ports with partial input delay specified.


11. checking partial_output_delay (0)
-------------------------------------
 There are 0 ports with partial output delay specified.


12. checking latch_loops (0)
----------------------------
 There are 0 combinational latch loops in the design through latch input



------------------------------------------------------------------------------------------------
| Design Timing Summary
| ---------------------
------------------------------------------------------------------------------------------------

    WNS(ns)      TNS(ns)  TNS Failing Endpoints  TNS Total Endpoints      WHS(ns)      THS(ns)  THS Failing Endpoints  THS Total Endpoints     WPWS(ns)     TPWS(ns)  TPWS Failing Endpoints  TPWS Total Endpoints  
    -------      -------  ---------------------  -------------------      -------      -------  ---------------------  -------------------     --------     --------  ----------------------  --------------------  
     -0.965       -0.965                      1                 2402        0.152        0.000                      0                 2402        3.500        0.000                       0                  1253  


Timing constraints are not met.


------------------------------------------------------------------------------------------------
| Clock Summary
| -------------
------------------------------------------------------------------------------------------------

Clock  Waveform(ns)         Period(ns)      Frequency(MHz)
-----  ------------         ----------      --------------
clk    {0.000 4.000}        8.000           125.000         


------------------------------------------------------------------------------------------------
| Intra Clock Table
| -----------------
------------------------------------------------------------------------------------------------

Clock             WNS(ns)      TNS(ns)  TNS Failing Endpoints  TNS Total Endpoints      WHS(ns)      THS(ns)  THS Failing Endpoints  THS Total Endpoints     WPWS(ns)     TPWS(ns)  TPWS Failing Endpoints  TPWS Total Endpoints  
-----             -------      -------  ---------------------  -------------------      -------      -------  ---------------------  -------------------     --------     --------  ----------------------  --------------------  
clk                -0.965       -0.965                      1                 2402        0.152        0.000                      0                 2402        3.500        0.000                       0                  1253  


------------------------------------------------------------------------------------------------
| Inter Clock Table
| -----------------
------------------------------------------------------------------------------------------------

From Clock    To Clock          WNS(ns)      TNS(ns)  TNS Failing Endpoints  TNS Total Endpoints      WHS(ns)      THS(ns)  THS Failing Endpoints  THS Total Endpoints  
----------    --------          -------      -------  ---------------------  -------------------      -------      -------  ---------------------  -------------------  


------------------------------------------------------------------------------------------------
| Other Path Groups Table
| -----------------------
------------------------------------------------------------------------------------------------

Path Group    From Clock    To Clock          WNS(ns)      TNS(ns)  TNS Failing Endpoints  TNS Total Endpoints      WHS(ns)      THS(ns)  THS Failing Endpoints  THS Total Endpoints  
----------    ----------    --------          -------      -------  ---------------------  -------------------      -------      -------  ---------------------  -------------------  


------------------------------------------------------------------------------------------------
| Timing Details
| --------------
------------------------------------------------------------------------------------------------


---------------------------------------------------------------------------------------------------
From Clock:  clk
  To Clock:  clk

Setup :            1  Failing Endpoint ,  Worst Slack       -0.965ns,  Total Violation       -0.965ns
Hold  :            0  Failing Endpoints,  Worst Slack        0.152ns,  Total Violation        0.000ns
PW    :            0  Failing Endpoints,  Worst Slack        3.500ns,  Total Violation        0.000ns
---------------------------------------------------------------------------------------------------


Max Delay Paths
--------------------------------------------------------------------------------------
Slack (VIOLATED) :        -0.965ns  (required time - arrival time)
  Source:                 top_1/u_bp/u_perc/w_mem_reg[7][1][2]/C
                            (rising edge-triggered cell FDCE clocked by clk  {rise@0.000ns fall@4.000ns period=8.000ns})
  Destination:            top_1/u_bp/u_perc/pred_taken_reg/D
                            (rising edge-triggered cell FDCE clocked by clk  {rise@0.000ns fall@4.000ns period=8.000ns})
  Path Group:             clk
  Path Type:              Setup (Max at Slow Process Corner)
  Requirement:            8.000ns  (clk rise@8.000ns - clk rise@0.000ns)
  Data Path Delay:        8.829ns  (logic 3.314ns (37.535%)  route 5.515ns (62.465%))
  Logic Levels:           11  (CARRY4=2 LUT1=1 LUT3=1 LUT4=2 LUT5=2 LUT6=1 MUXF7=1 MUXF8=1)
  Clock Path Skew:        -0.145ns (DCD - SCD + CPR)
    Destination Clock Delay (DCD):    2.128ns = ( 10.128 - 8.000 ) 
    Source Clock Delay      (SCD):    2.456ns
    Clock Pessimism Removal (CPR):    0.184ns
  Clock Uncertainty:      0.035ns  ((TSJ^2 + TIJ^2)^1/2 + DJ) / 2 + PE
    Total System Jitter     (TSJ):    0.071ns
    Total Input Jitter      (TIJ):    0.000ns
    Discrete Jitter          (DJ):    0.000ns
    Phase Error              (PE):    0.000ns

    Location             Delay type                Incr(ns)  Path(ns)    Netlist Resource(s)
  -------------------------------------------------------------------    -------------------
                         (clock clk rise edge)        0.000     0.000 r  
                                                      0.000     0.000 r  clk (IN)
                         net (fo=0)                   0.000     0.000    clk
                         IBUF (Prop_ibuf_I_O)         0.972     0.972 r  clk_IBUF_inst/O
                         net (fo=1, unplaced)         0.800     1.771    clk_IBUF
                         BUFG (Prop_bufg_I_O)         0.101     1.872 r  clk_IBUF_BUFG_inst/O
                         net (fo=1252, unplaced)      0.584     2.456    top_1/u_bp/u_perc/clk_IBUF_BUFG
                         FDCE                                         r  top_1/u_bp/u_perc/w_mem_reg[7][1][2]/C
  -------------------------------------------------------------------    -------------------
                         FDCE (Prop_fdce_C_Q)         0.478     2.934 r  top_1/u_bp/u_perc/w_mem_reg[7][1][2]/Q
                         net (fo=2, unplaced)         0.976     3.910    top_1/u_bp/u_perc/w_mem_reg[7][1]_52[2]
                         LUT6 (Prop_lut6_I0_O)        0.295     4.205 r  top_1/u_bp/u_perc/sum_acc_comb__27_carry_i_97/O
                         net (fo=1, unplaced)         0.000     4.205    top_1/u_bp/u_perc/sum_acc_comb__27_carry_i_97_n_0
                         MUXF7 (Prop_muxf7_I1_O)      0.247     4.452 r  top_1/u_bp/u_perc/sum_acc_comb__27_carry_i_50/O
                         net (fo=1, unplaced)         0.000     4.452    top_1/u_bp/u_perc/sum_acc_comb__27_carry_i_50_n_0
                         MUXF8 (Prop_muxf8_I0_O)      0.098     4.550 r  top_1/u_bp/u_perc/sum_acc_comb__27_carry_i_27/O
                         net (fo=3, unplaced)         0.735     5.285    top_1/u_bp/u_perc/sum_acc_comb__27_carry_i_27_n_0
                         LUT5 (Prop_lut5_I1_O)        0.341     5.626 r  top_1/u_bp/u_perc/sum_acc_comb__27_carry_i_12/O
                         net (fo=2, unplaced)         1.122     6.748    top_1/u_bp/u_perc/term[1]__3[3]
                         LUT5 (Prop_lut5_I0_O)        0.124     6.872 r  top_1/u_bp/u_perc/sum_acc_comb__27_carry__0_i_7/O
                         net (fo=3, unplaced)         0.467     7.339    top_1/u_bp/u_perc/sum_acc_comb__27_carry__0_i_7_n_0
                         LUT3 (Prop_lut3_I0_O)        0.124     7.463 r  top_1/u_bp/u_perc/sum_acc_comb__27_carry__0_i_2/O
                         net (fo=2, unplaced)         0.460     7.923    top_1/u_bp/u_perc/sum_01[4]
                         LUT4 (Prop_lut4_I0_O)        0.124     8.047 r  top_1/u_bp/u_perc/sum_acc_comb__27_carry__0_i_4/O
                         net (fo=1, unplaced)         0.000     8.047    top_1/u_bp/u_perc/sum_acc_comb__27_carry__0_i_4_n_0
                         CARRY4 (Prop_carry4_S[0]_O[0])
                                                      0.252     8.299 r  top_1/u_bp/u_perc/sum_acc_comb__27_carry__0/O[0]
                         net (fo=5, unplaced)         0.498     8.797    top_1/u_bp/u_perc/sum_0123[4]
                         LUT4 (Prop_lut4_I2_O)        0.295     9.092 r  top_1/u_bp/u_perc/sum_acc_comb__46_carry__0_i_2/O
                         net (fo=1, unplaced)         0.639     9.731    top_1/u_bp/u_perc/sum_acc_comb__46_carry__0_i_2_n_0
                         CARRY4 (Prop_carry4_DI[1]_O[3])
                                                      0.629    10.360 f  top_1/u_bp/u_perc/sum_acc_comb__46_carry__0/O[3]
                         net (fo=1, unplaced)         0.618    10.978    top_1/u_bp/u_perc/sum_acc_comb__60[7]
                         LUT1 (Prop_lut1_I0_O)        0.307    11.285 r  top_1/u_bp/u_perc/pred_taken_i_1/O
                         net (fo=1, unplaced)         0.000    11.285    top_1/u_bp/u_perc/pred_taken_i_1_n_0
                         FDCE                                         r  top_1/u_bp/u_perc/pred_taken_reg/D
  -------------------------------------------------------------------    -------------------

                         (clock clk rise edge)        8.000     8.000 r  
                                                      0.000     8.000 r  clk (IN)
                         net (fo=0)                   0.000     8.000    clk
                         IBUF (Prop_ibuf_I_O)         0.838     8.838 r  clk_IBUF_inst/O
                         net (fo=1, unplaced)         0.760     9.598    clk_IBUF
                         BUFG (Prop_bufg_I_O)         0.091     9.689 r  clk_IBUF_BUFG_inst/O
                         net (fo=1252, unplaced)      0.439    10.128    top_1/u_bp/u_perc/clk_IBUF_BUFG
                         FDCE                                         r  top_1/u_bp/u_perc/pred_taken_reg/C
                         clock pessimism              0.184    10.311    
                         clock uncertainty           -0.035    10.276    
                         FDCE (Setup_fdce_C_D)        0.044    10.320    top_1/u_bp/u_perc/pred_taken_reg
  -------------------------------------------------------------------
                         required time                         10.320    
                         arrival time                         -11.285    
  -------------------------------------------------------------------
                         slack                                 -0.965    





Min Delay Paths
--------------------------------------------------------------------------------------
Slack (MET) :             0.152ns  (arrival time - required time)
  Source:                 top_1/if_id_1/pip_reg1/data_out_reg[14]/C
                            (rising edge-triggered cell FDRE clocked by clk  {rise@0.000ns fall@4.000ns period=8.000ns})
  Destination:            top_1/id_ex_1/pip_func3/data_out_reg[2]/D
                            (rising edge-triggered cell FDRE clocked by clk  {rise@0.000ns fall@4.000ns period=8.000ns})
  Path Group:             clk
  Path Type:              Hold (Min at Fast Process Corner)
  Requirement:            0.000ns  (clk rise@0.000ns - clk rise@0.000ns)
  Data Path Delay:        0.288ns  (logic 0.147ns (51.079%)  route 0.141ns (48.921%))
  Logic Levels:           0  
  Clock Path Skew:        0.145ns (DCD - SCD - CPR)
    Destination Clock Delay (DCD):    1.032ns
    Source Clock Delay      (SCD):    0.678ns
    Clock Pessimism Removal (CPR):    0.210ns

    Location             Delay type                Incr(ns)  Path(ns)    Netlist Resource(s)
  -------------------------------------------------------------------    -------------------
                         (clock clk rise edge)        0.000     0.000 r  
                                                      0.000     0.000 r  clk (IN)
                         net (fo=0)                   0.000     0.000    clk
                         IBUF (Prop_ibuf_I_O)         0.200     0.200 r  clk_IBUF_inst/O
                         net (fo=1, unplaced)         0.337     0.538    clk_IBUF
                         BUFG (Prop_bufg_I_O)         0.026     0.564 r  clk_IBUF_BUFG_inst/O
                         net (fo=1252, unplaced)      0.114     0.678    top_1/if_id_1/pip_reg1/clk_IBUF_BUFG
                         FDRE                                         r  top_1/if_id_1/pip_reg1/data_out_reg[14]/C
  -------------------------------------------------------------------    -------------------
                         FDRE (Prop_fdre_C_Q)         0.147     0.825 r  top_1/if_id_1/pip_reg1/data_out_reg[14]/Q
                         net (fo=1, unplaced)         0.141     0.965    top_1/id_ex_1/pip_func3/if_id_instr[1]
                         FDRE                                         r  top_1/id_ex_1/pip_func3/data_out_reg[2]/D
  -------------------------------------------------------------------    -------------------

                         (clock clk rise edge)        0.000     0.000 r  
                                                      0.000     0.000 r  clk (IN)
                         net (fo=0)                   0.000     0.000    clk
                         IBUF (Prop_ibuf_I_O)         0.389     0.389 r  clk_IBUF_inst/O
                         net (fo=1, unplaced)         0.355     0.744    clk_IBUF
                         BUFG (Prop_bufg_I_O)         0.029     0.773 r  clk_IBUF_BUFG_inst/O
                         net (fo=1252, unplaced)      0.259     1.032    top_1/id_ex_1/pip_func3/clk_IBUF_BUFG
                         FDRE                                         r  top_1/id_ex_1/pip_func3/data_out_reg[2]/C
                         clock pessimism             -0.210     0.823    
                         FDRE (Hold_fdre_C_D)        -0.009     0.814    top_1/id_ex_1/pip_func3/data_out_reg[2]
  -------------------------------------------------------------------
                         required time                         -0.814    
                         arrival time                           0.965    
  -------------------------------------------------------------------
                         slack                                  0.152    





Pulse Width Checks
--------------------------------------------------------------------------------------
Clock Name:         clk
Waveform(ns):       { 0.000 4.000 }
Period(ns):         8.000
Sources:            { clk }

Check Type        Corner  Lib Pin  Reference Pin  Required(ns)  Actual(ns)  Slack(ns)  Location  Pin
Min Period        n/a     BUFG/I   n/a            2.155         8.000       5.845                clk_IBUF_BUFG_inst/I
Low Pulse Width   Slow    FDRE/C   n/a            0.500         4.000       3.500                top_1/id_ex_1/pip_func3/data_out_reg[0]/C
High Pulse Width  Slow    FDRE/C   n/a            0.500         4.000       3.500                top_1/id_ex_1/pip_func3/data_out_reg[0]/C



