------------------------------------------------------------------------------------------------
| Timer Settings
| --------------
------------------------------------------------------------------------------------------------

  Enable Multi Corner Analysis               :  Yes
  Enable Pessimism Removal                   :  Yes
  Pessimism Removal Resolution               :  Nearest Common Node
  Enable Input Delay Default Clock           :  No
  Enable Preset / Clear Arcs                 :  No
  Disable Flight Delays                      :  No
  Ignore I/O Paths                           :  No
  Timing Early Launch at Borrowing Latches   :  No
  Borrow Time for Max Delay Exceptions       :  Yes
  Merge Timing Exceptions                    :  Yes

  Corner  Analyze    Analyze    
  Name    Max Paths  Min Paths  
  ------  ---------  ---------  
  Slow    Yes        Yes        
  Fast    Yes        Yes        


------------------------------------------------------------------------------------------------
| Report Methodology
| ------------------
------------------------------------------------------------------------------------------------

No report available as report_methodology has not been run prior. Run report_methodology on the current design for the summary of methodology violations.



check_timing report

Table of Contents
-----------------
1. checking no_clock (0)
2. checking constant_clock (0)
3. checking pulse_width_clock (0)
4. checking unconstrained_internal_endpoints (0)
5. checking no_input_delay (70)
6. checking no_output_delay (103)
7. checking multiple_clock (0)
8. checking generated_clocks (0)
9. checking loops (0)
10. checking partial_input_delay (0)
11. checking partial_output_delay (0)
12. checking latch_loops (0)

1. checking no_clock (0)
------------------------
 There are 0 register/latch pins with no clock.


2. checking constant_clock (0)
------------------------------
 There are 0 register/latch pins with constant_clock.


3. checking pulse_width_clock (0)
---------------------------------
 There are 0 register/latch pins which need pulse_width check


4. checking unconstrained_internal_endpoints (0)
------------------------------------------------
 There are 0 pins that are not constrained for maximum delay.

 There are 0 pins that are not constrained for maximum delay due to constant clock.


5. checking no_input_delay (70)
-------------------------------
 There are 70 input ports with no input delay specified. (HIGH)

 There are 0 input ports with no input delay but user has a false path constraint.


6. checking no_output_delay (103)
---------------------------------
 There are 103 ports with no output delay specified. (HIGH)

 There are 0 ports with no output delay but user has a false path constraint

 There are 0 ports with no output delay but with a timing clock defined on it or propagating through it


7. checking multiple_clock (0)
------------------------------
 There are 0 register/latch pins with multiple clocks.


8. checking generated_clocks (0)
--------------------------------
 There are 0 generated clocks that are not connected to a clock source.


9. checking loops (0)
---------------------
 There are 0 combinational loops in the design.


10. checking partial_input_delay (0)
------------------------------------
 There are 0 input ports with partial input delay specified.


11. checking partial_output_delay (0)
-------------------------------------
 There are 0 ports with partial output delay specified.


12. checking latch_loops (0)
----------------------------
 There are 0 combinational latch loops in the design through latch input



------------------------------------------------------------------------------------------------
| Design Timing Summary
| ---------------------
------------------------------------------------------------------------------------------------

    WNS(ns)      TNS(ns)  TNS Failing Endpoints  TNS Total Endpoints      WHS(ns)      THS(ns)  THS Failing Endpoints  THS Total Endpoints     WPWS(ns)     TPWS(ns)  TPWS Failing Endpoints  TPWS Total Endpoints  
    -------      -------  ---------------------  -------------------      -------      -------  ---------------------  -------------------     --------     --------  ----------------------  --------------------  
      0.529        0.000                      0                 1028        0.131        0.000                      0                 1028        3.500        0.000                       0                   567  


All user specified timing constraints are met.


------------------------------------------------------------------------------------------------
| Clock Summary
| -------------
------------------------------------------------------------------------------------------------

Clock  Waveform(ns)         Period(ns)      Frequency(MHz)
-----  ------------         ----------      --------------
clk    {0.000 4.000}        8.000           125.000         


------------------------------------------------------------------------------------------------
| Intra Clock Table
| -----------------
------------------------------------------------------------------------------------------------

Clock             WNS(ns)      TNS(ns)  TNS Failing Endpoints  TNS Total Endpoints      WHS(ns)      THS(ns)  THS Failing Endpoints  THS Total Endpoints     WPWS(ns)     TPWS(ns)  TPWS Failing Endpoints  TPWS Total Endpoints  
-----             -------      -------  ---------------------  -------------------      -------      -------  ---------------------  -------------------     --------     --------  ----------------------  --------------------  
clk                 0.529        0.000                      0                 1028        0.131        0.000                      0                 1028        3.500        0.000                       0                   567  


------------------------------------------------------------------------------------------------
| Inter Clock Table
| -----------------
------------------------------------------------------------------------------------------------

From Clock    To Clock          WNS(ns)      TNS(ns)  TNS Failing Endpoints  TNS Total Endpoints      WHS(ns)      THS(ns)  THS Failing Endpoints  THS Total Endpoints  
----------    --------          -------      -------  ---------------------  -------------------      -------      -------  ---------------------  -------------------  


------------------------------------------------------------------------------------------------
| Other Path Groups Table
| -----------------------
------------------------------------------------------------------------------------------------

Path Group    From Clock    To Clock          WNS(ns)      TNS(ns)  TNS Failing Endpoints  TNS Total Endpoints      WHS(ns)      THS(ns)  THS Failing Endpoints  THS Total Endpoints  
----------    ----------    --------          -------      -------  ---------------------  -------------------      -------      -------  ---------------------  -------------------  


------------------------------------------------------------------------------------------------
| Timing Details
| --------------
------------------------------------------------------------------------------------------------


---------------------------------------------------------------------------------------------------
From Clock:  clk
  To Clock:  clk

Setup :            0  Failing Endpoints,  Worst Slack        0.529ns,  Total Violation        0.000ns
Hold  :            0  Failing Endpoints,  Worst Slack        0.131ns,  Total Violation        0.000ns
PW    :            0  Failing Endpoints,  Worst Slack        3.500ns,  Total Violation        0.000ns
---------------------------------------------------------------------------------------------------


Max Delay Paths
--------------------------------------------------------------------------------------
Slack (MET) :             0.529ns  (required time - arrival time)
  Source:                 decode_to_execute_SRC2_CTRL_reg[0]/C
                            (rising edge-triggered cell FDRE clocked by clk  {rise@0.000ns fall@4.000ns period=8.000ns})
  Destination:            RegFilePlugin_regFile_reg_1/ADDRARDADDR[5]
                            (rising edge-triggered cell RAMB18E1 clocked by clk  {rise@0.000ns fall@4.000ns period=8.000ns})
  Path Group:             clk
  Path Type:              Setup (Max at Slow Process Corner)
  Requirement:            8.000ns  (clk rise@8.000ns - clk rise@0.000ns)
  Data Path Delay:        6.821ns  (logic 1.304ns (19.118%)  route 5.517ns (80.882%))
  Logic Levels:           5  (LUT3=1 LUT5=2 LUT6=2)
  Clock Path Skew:        -0.049ns (DCD - SCD + CPR)
    Destination Clock Delay (DCD):    0.924ns = ( 8.924 - 8.000 ) 
    Source Clock Delay      (SCD):    0.973ns
    Clock Pessimism Removal (CPR):    0.000ns
  Clock Uncertainty:      0.035ns  ((TSJ^2 + TIJ^2)^1/2 + DJ) / 2 + PE
    Total System Jitter     (TSJ):    0.071ns
    Total Input Jitter      (TIJ):    0.000ns
    Discrete Jitter          (DJ):    0.000ns
    Phase Error              (PE):    0.000ns

    Location             Delay type                Incr(ns)  Path(ns)    Netlist Resource(s)
  -------------------------------------------------------------------    -------------------
                         (clock clk rise edge)        0.000     0.000 r  
                                                      0.000     0.000 r  clk (IN)
                         net (fo=566, unset)          0.973     0.973    clk
    SLICE_X39Y71         FDRE                                         r  decode_to_execute_SRC2_CTRL_reg[0]/C
  -------------------------------------------------------------------    -------------------
    SLICE_X39Y71         FDRE (Prop_fdre_C_Q)         0.456     1.429 r  decode_to_execute_SRC2_CTRL_reg[0]/Q
                         net (fo=33, routed)          1.218     2.647    IBusSimplePlugin_rspJoin_rspBuffer_c/fifo/execute_LightShifterPlugin_amplitudeReg_reg[3]_0[0]
    SLICE_X38Y66         LUT5 (Prop_lut5_I2_O)        0.124     2.771 f  IBusSimplePlugin_rspJoin_rspBuffer_c/fifo/execute_LightShifterPlugin_amplitudeReg[2]_i_3/O
                         net (fo=9, routed)           1.024     3.795    IBusSimplePlugin_rspJoin_rspBuffer_c/fifo/decode_to_execute_INSTRUCTION_reg[8]
    SLICE_X41Y72         LUT3 (Prop_lut3_I2_O)        0.150     3.945 f  IBusSimplePlugin_rspJoin_rspBuffer_c/fifo/iBus_cmd_valid_INST_0_i_21/O
                         net (fo=2, routed)           0.817     4.762    IBusSimplePlugin_rspJoin_rspBuffer_c/fifo/execute_LightShifterPlugin_amplitudeReg_reg[1]
    SLICE_X41Y73         LUT6 (Prop_lut6_I2_O)        0.326     5.088 r  IBusSimplePlugin_rspJoin_rspBuffer_c/fifo/iBus_cmd_valid_INST_0_i_6/O
                         net (fo=155, routed)         0.549     5.637    IBusSimplePlugin_rspJoin_rspBuffer_c/fifo/execute_LightShifterPlugin_amplitudeReg_reg[3]
    SLICE_X41Y73         LUT6 (Prop_lut6_I0_O)        0.124     5.761 r  IBusSimplePlugin_rspJoin_rspBuffer_c/fifo/io_push_rData_inst[31]_i_3/O
                         net (fo=78, routed)          1.129     6.891    IBusSimplePlugin_rspJoin_rspBuffer_c/fifo/_zz_IBusSimplePlugin_injector_decodeInput_valid_reg_0
    SLICE_X36Y61         LUT5 (Prop_lut5_I1_O)        0.124     7.015 r  IBusSimplePlugin_rspJoin_rspBuffer_c/fifo/RegFilePlugin_regFile_reg_1_i_5/O
                         net (fo=1, routed)           0.779     7.794    decode_RegFilePlugin_regFileReadAddress1[0]
    RAMB18_X2Y24         RAMB18E1                                     r  RegFilePlugin_regFile_reg_1/ADDRARDADDR[5]
  -------------------------------------------------------------------    -------------------

                         (clock clk rise edge)        8.000     8.000 r  
                                                      0.000     8.000 r  clk (IN)
                         net (fo=566, unset)          0.924     8.924    clk
    RAMB18_X2Y24         RAMB18E1                                     r  RegFilePlugin_regFile_reg_1/CLKARDCLK
                         clock pessimism              0.000     8.924    
                         clock uncertainty           -0.035     8.889    
    RAMB18_X2Y24         RAMB18E1 (Setup_ramb18e1_CLKARDCLK_ADDRARDADDR[5])
                                                     -0.566     8.323    RegFilePlugin_regFile_reg_1
  -------------------------------------------------------------------
                         required time                          8.323    
                         arrival time                          -7.794    
  -------------------------------------------------------------------
                         slack                                  0.529    





Min Delay Paths
--------------------------------------------------------------------------------------
Slack (MET) :             0.131ns  (arrival time - required time)
  Source:                 IBusSimplePlugin_fetchPc_pcReg_reg[7]/C
                            (rising edge-triggered cell FDCE clocked by clk  {rise@0.000ns fall@4.000ns period=8.000ns})
  Destination:            _zz_IBusSimplePlugin_injector_decodeInput_payload_pc_reg[7]/D
                            (rising edge-triggered cell FDRE clocked by clk  {rise@0.000ns fall@4.000ns period=8.000ns})
  Path Group:             clk
  Path Type:              Hold (Min at Fast Process Corner)
  Requirement:            0.000ns  (clk rise@0.000ns - clk rise@0.000ns)
  Data Path Delay:        0.199ns  (logic 0.141ns (70.737%)  route 0.058ns (29.263%))
  Logic Levels:           0  
  Clock Path Skew:        0.022ns (DCD - SCD - CPR)
    Destination Clock Delay (DCD):    0.432ns
    Source Clock Delay      (SCD):    0.410ns
    Clock Pessimism Removal (CPR):    -0.000ns

    Location             Delay type                Incr(ns)  Path(ns)    Netlist Resource(s)
  -------------------------------------------------------------------    -------------------
                         (clock clk rise edge)        0.000     0.000 r  
                                                      0.000     0.000 r  clk (IN)
                         net (fo=566, unset)          0.410     0.410    clk
    SLICE_X49Y68         FDCE                                         r  IBusSimplePlugin_fetchPc_pcReg_reg[7]/C
  -------------------------------------------------------------------    -------------------
    SLICE_X49Y68         FDCE (Prop_fdce_C_Q)         0.141     0.551 r  IBusSimplePlugin_fetchPc_pcReg_reg[7]/Q
                         net (fo=2, routed)           0.058     0.609    IBusSimplePlugin_fetchPc_pcReg[7]
    SLICE_X48Y68         FDRE                                         r  _zz_IBusSimplePlugin_injector_decodeInput_payload_pc_reg[7]/D
  -------------------------------------------------------------------    -------------------

                         (clock clk rise edge)        0.000     0.000 r  
                                                      0.000     0.000 r  clk (IN)
                         net (fo=566, unset)          0.432     0.432    clk
    SLICE_X48Y68         FDRE                                         r  _zz_IBusSimplePlugin_injector_decodeInput_payload_pc_reg[7]/C
                         clock pessimism              0.000     0.432    
    SLICE_X48Y68         FDRE (Hold_fdre_C_D)         0.047     0.479    _zz_IBusSimplePlugin_injector_decodeInput_payload_pc_reg[7]
  -------------------------------------------------------------------
                         required time                         -0.479    
                         arrival time                           0.609    
  -------------------------------------------------------------------
                         slack                                  0.131    





Pulse Width Checks
--------------------------------------------------------------------------------------
Clock Name:         clk
Waveform(ns):       { 0.000 4.000 }
Period(ns):         8.000
Sources:            { clk }

Check Type        Corner  Lib Pin             Reference Pin  Required(ns)  Actual(ns)  Slack(ns)  Location      Pin
Min Period        n/a     RAMB18E1/CLKARDCLK  n/a            2.944         8.000       5.056      RAMB18_X2Y24  RegFilePlugin_regFile_reg_1/CLKARDCLK
Low Pulse Width   Slow    FDRE/C              n/a            0.500         4.000       3.500      SLICE_X44Y70  CsrPlugin_interrupt_code_reg[2]/C
High Pulse Width  Slow    FDRE/C              n/a            0.500         4.000       3.500      SLICE_X44Y70  CsrPlugin_interrupt_code_reg[2]/C



